<?xml version="1.0" encoding="UTF-8"?>
<!-- Generated by org.testng.reporters.JUnitReportReporter -->
<testsuite hostname="alexace-pc" name="tests.product_page.ProductPageTests" tests="13" failures="1" timestamp="11 Feb 2016 16:21:10 GMT" time="229.392" errors="0">
  <testcase name="test9_beautyAndHealthPage" time="27.301" classname="tests.product_page.ProductPageTests"/>
  <testcase name="test6_footwearPage" time="12.372" classname="tests.product_page.ProductPageTests"/>
  <testcase name="test7_hemPage" time="13.570" classname="tests.product_page.ProductPageTests"/>
  <testcase name="test5_linenAndBathPage" time="29.804" classname="tests.product_page.ProductPageTests"/>
  <testcase name="test13_resorPage" time="12.934" classname="tests.product_page.ProductPageTests"/>
  <testcase name="test4_sportProductPage" time="13.400" classname="tests.product_page.ProductPageTests"/>
  <testcase name="test8_electronicPage" time="27.279" classname="tests.product_page.ProductPageTests"/>
  <testcase name="test1_womanProductPage" time="15.376" classname="tests.product_page.ProductPageTests"/>
  <testcase name="test10_plusPage" time="12.160" classname="tests.product_page.ProductPageTests"/>
  <testcase name="test3_barnProductPage" time="15.957" classname="tests.product_page.ProductPageTests"/>
  <testcase name="test11_reaPage" time="13.331" classname="tests.product_page.ProductPageTests"/>
  <testcase name="test2_manProductPage" time="35.812" classname="tests.product_page.ProductPageTests"/>
  <testcase name="test12_inspirationPage" time="0.096" classname="tests.product_page.ProductPageTests">
    <failure type="org.openqa.selenium.InvalidSelectorException" message="The given selector .//*[@id=&#039;Content&#039;]/div[1]/div[2]/div/div/div/ul/li[12]/div[1]/a); is either invalid or does not result in a WebElement. The following error occurred:
InvalidSelectorError: Unable to locate an element with the xpath expression .//*[@id=&#039;Content&#039;]/div[1]/div[2]/div/div/div/ul/li[12]/div[1]/a); because of the following error:
SyntaxError: The expression is not a legal expression.
Command duration or timeout: 20 milliseconds
For documentation on this error, please visit: http://seleniumhq.org/exceptions/invalid_selector_exception.html
Build info: version: &#039;2.51.0&#039;, revision: &#039;1af067dbcaedd7d2ab9af5151fc471d363d97193&#039;, time: &#039;2016-02-05 11:20:57&#039;
System info: host: &#039;alexace-pc&#039;, ip: &#039;127.0.1.1&#039;, os.name: &#039;Linux&#039;, os.arch: &#039;amd64&#039;, os.version: &#039;3.13.0-77-generic&#039;, java.version: &#039;1.8.0_60&#039;
Driver info: org.openqa.selenium.firefox.FirefoxDriver
Capabilities [{applicationCacheEnabled=true, rotatable=false, handlesAlerts=true, databaseEnabled=true, version=44.0.1, platform=LINUX, nativeEvents=false, acceptSslCerts=true, webStorageEnabled=true, locationContextEnabled=true, browserName=firefox, takesScreenshot=true, javascriptEnabled=true, cssSelectorsEnabled=true}]
Session ID: 4f212293-c9c6-4a5c-90a8-3848cfb387bb
*** Element info: {Using=xpath, value=.//*[@id=&#039;Content&#039;]/div[1]/div[2]/div/div/div/ul/li[12]/div[1]/a);}">
      <![CDATA[org.openqa.selenium.InvalidSelectorException: The given selector .//*[@id='Content']/div[1]/div[2]/div/div/div/ul/li[12]/div[1]/a); is either invalid or does not result in a WebElement. The following error occurred:
InvalidSelectorError: Unable to locate an element with the xpath expression .//*[@id='Content']/div[1]/div[2]/div/div/div/ul/li[12]/div[1]/a); because of the following error:
SyntaxError: The expression is not a legal expression.
Command duration or timeout: 20 milliseconds
For documentation on this error, please visit: http://seleniumhq.org/exceptions/invalid_selector_exception.html
Build info: version: '2.51.0', revision: '1af067dbcaedd7d2ab9af5151fc471d363d97193', time: '2016-02-05 11:20:57'
System info: host: 'alexace-pc', ip: '127.0.1.1', os.name: 'Linux', os.arch: 'amd64', os.version: '3.13.0-77-generic', java.version: '1.8.0_60'
Driver info: org.openqa.selenium.firefox.FirefoxDriver
Capabilities [{applicationCacheEnabled=true, rotatable=false, handlesAlerts=true, databaseEnabled=true, version=44.0.1, platform=LINUX, nativeEvents=false, acceptSslCerts=true, webStorageEnabled=true, locationContextEnabled=true, browserName=firefox, takesScreenshot=true, javascriptEnabled=true, cssSelectorsEnabled=true}]
Session ID: 4f212293-c9c6-4a5c-90a8-3848cfb387bb
*** Element info: {Using=xpath, value=.//*[@id='Content']/div[1]/div[2]/div/div/div/ul/li[12]/div[1]/a);}
	at sun.reflect.NativeConstructorAccessorImpl.newInstance0(Native Method)
	at sun.reflect.NativeConstructorAccessorImpl.newInstance(NativeConstructorAccessorImpl.java:62)
	at sun.reflect.DelegatingConstructorAccessorImpl.newInstance(DelegatingConstructorAccessorImpl.java:45)
	at java.lang.reflect.Constructor.newInstance(Constructor.java:422)
	at org.openqa.selenium.remote.ErrorHandler.createThrowable(ErrorHandler.java:206)
	at org.openqa.selenium.remote.ErrorHandler.throwIfResponseFailed(ErrorHandler.java:158)
	at org.openqa.selenium.remote.RemoteWebDriver.execute(RemoteWebDriver.java:678)
	at org.openqa.selenium.remote.RemoteWebDriver.findElement(RemoteWebDriver.java:363)
	at org.openqa.selenium.remote.RemoteWebDriver.findElementByXPath(RemoteWebDriver.java:500)
	at org.openqa.selenium.By$ByXPath.findElement(By.java:361)
	at org.openqa.selenium.remote.RemoteWebDriver.findElement(RemoteWebDriver.java:355)
	at utils.WebElementsActions.clickElement(WebElementsActions.java:117)
	at utils.WebElementsActions.moveToElementAndClick(WebElementsActions.java:184)
	at pages.HomePage.switchToInspirationPage(HomePage.java:486)
	at tests.product_page.ProductPageTests.test12_inspirationPage(ProductPageTests.java:241)
	at sun.reflect.NativeMethodAccessorImpl.invoke0(Native Method)
	at sun.reflect.NativeMethodAccessorImpl.invoke(NativeMethodAccessorImpl.java:62)
	at sun.reflect.DelegatingMethodAccessorImpl.invoke(DelegatingMethodAccessorImpl.java:43)
	at java.lang.reflect.Method.invoke(Method.java:497)
	at org.testng.internal.MethodInvocationHelper.invokeMethod(MethodInvocationHelper.java:84)
	at org.testng.internal.Invoker.invokeMethod(Invoker.java:714)
	at org.testng.internal.Invoker.invokeTestMethod(Invoker.java:901)
	at org.testng.internal.Invoker.invokeTestMethods(Invoker.java:1231)
	at org.testng.internal.TestMethodWorker.invokeTestMethods(TestMethodWorker.java:127)
	at org.testng.internal.TestMethodWorker.run(TestMethodWorker.java:111)
	at org.testng.TestRunner.privateRun(TestRunner.java:767)
	at org.testng.TestRunner.run(TestRunner.java:617)
	at org.testng.SuiteRunner.runTest(SuiteRunner.java:348)
	at org.testng.SuiteRunner.runSequentially(SuiteRunner.java:343)
	at org.testng.SuiteRunner.privateRun(SuiteRunner.java:305)
	at org.testng.SuiteRunner.run(SuiteRunner.java:254)
	at org.testng.SuiteRunnerWorker.runSuite(SuiteRunnerWorker.java:52)
	at org.testng.SuiteRunnerWorker.run(SuiteRunnerWorker.java:86)
	at org.testng.TestNG.runSuitesSequentially(TestNG.java:1224)
	at org.testng.TestNG.runSuitesSequentially(TestNG.java:1220)
	at org.testng.TestNG.runSuitesLocally(TestNG.java:1149)
	at org.testng.TestNG.run(TestNG.java:1057)
	at org.apache.maven.surefire.testng.TestNGExecutor.run(TestNGExecutor.java:293)
	at org.apache.maven.surefire.testng.TestNGXmlTestSuite.execute(TestNGXmlTestSuite.java:84)
	at org.apache.maven.surefire.testng.TestNGProvider.invoke(TestNGProvider.java:91)
	at org.apache.maven.surefire.booter.ForkedBooter.invokeProviderInSameClassLoader(ForkedBooter.java:200)
	at org.apache.maven.surefire.booter.ForkedBooter.runSuitesInProcess(ForkedBooter.java:153)
	at org.apache.maven.surefire.booter.ForkedBooter.main(ForkedBooter.java:103)
Caused by: org.openqa.selenium.InvalidSelectorException: The given selector .//*[@id='Content']/div[1]/div[2]/div/div/div/ul/li[12]/div[1]/a); is either invalid or does not result in a WebElement. The following error occurred:
InvalidSelectorError: Unable to locate an element with the xpath expression .//*[@id='Content']/div[1]/div[2]/div/div/div/ul/li[12]/div[1]/a); because of the following error:
SyntaxError: The expression is not a legal expression.
For documentation on this error, please visit: http://seleniumhq.org/exceptions/invalid_selector_exception.html
Build info: version: '2.51.0', revision: '1af067dbcaedd7d2ab9af5151fc471d363d97193', time: '2016-02-05 11:20:57'
System info: host: 'alexace-pc', ip: '127.0.1.1', os.name: 'Linux', os.arch: 'amd64', os.version: '3.13.0-77-generic', java.version: '1.8.0_60'
Driver info: driver.version: unknown
	at <anonymous class>.FirefoxDriver.annotateInvalidSelectorError_(file:///tmp/anonymous5567819272227032340webdriver-profile/extensions/fxdriver@googlecode.com/components/driver-component.js:10697)
	at <anonymous class>.FirefoxDriver.prototype.findElementInternal_(file:///tmp/anonymous5567819272227032340webdriver-profile/extensions/fxdriver@googlecode.com/components/driver-component.js:10728)
	at <anonymous class>.FirefoxDriver.prototype.findElement(file:///tmp/anonymous5567819272227032340webdriver-profile/extensions/fxdriver@googlecode.com/components/driver-component.js:10732)
	at <anonymous class>.DelayedCommand.prototype.executeInternal_/h(file:///tmp/anonymous5567819272227032340webdriver-profile/extensions/fxdriver@googlecode.com/components/command-processor.js:12602)
	at <anonymous class>.DelayedCommand.prototype.executeInternal_(file:///tmp/anonymous5567819272227032340webdriver-profile/extensions/fxdriver@googlecode.com/components/command-processor.js:12607)
	at <anonymous class>.DelayedCommand.prototype.execute/<(file:///tmp/anonymous5567819272227032340webdriver-profile/extensions/fxdriver@googlecode.com/components/command-processor.js:12549)
]]>
    </failure>
  </testcase> <!-- test12_inspirationPage -->
</testsuite> <!-- tests.product_page.ProductPageTests -->
