<html>
<head>
<title>TestNG:  Functional</title>
<link href="../testng.css" rel="stylesheet" type="text/css" />
<link href="../my-testng.css" rel="stylesheet" type="text/css" />

<style type="text/css">
.log { display: none;} 
.stack-trace { display: none;} 
</style>
<script type="text/javascript">
<!--
function flip(e) {
  current = e.style.display;
  if (current == 'block') {
    e.style.display = 'none';
    return 0;
  }
  else {
    e.style.display = 'block';
    return 1;
  }
}

function toggleBox(szDivId, elem, msg1, msg2)
{
  var res = -1;  if (document.getElementById) {
    res = flip(document.getElementById(szDivId));
  }
  else if (document.all) {
    // this is the way old msie versions work
    res = flip(document.all[szDivId]);
  }
  if(elem) {
    if(res == 0) elem.innerHTML = msg1; else elem.innerHTML = msg2;
  }

}

function toggleAllBoxes() {
  if (document.getElementsByTagName) {
    d = document.getElementsByTagName('div');
    for (i = 0; i < d.length; i++) {
      if (d[i].className == 'log') {
        flip(d[i]);
      }
    }
  }
}

// -->
</script>

</head>
<body>
<h2 align='center'>Functional</h2><table border='1' align="center">
<tr>
<td>Tests passed/Failed/Skipped:</td><td>30/2/0</td>
</tr><tr>
<td>Started on:</td><td>Thu Feb 11 18:15:48 EET 2016</td>
</tr>
<tr><td>Total time:</td><td>321 seconds (321480 ms)</td>
</tr><tr>
<td>Included groups:</td><td></td>
</tr><tr>
<td>Excluded groups:</td><td></td>
</tr>
</table><p/>
<small><i>(Hover the method name to see the test class name)</i></small><p/>
<table width='100%' border='1' class='invocation-failed'>
<tr><td colspan='4' align='center'><b>FAILED TESTS</b></td></tr>
<tr><td><b>Test method</b></td>
<td width="30%"><b>Exception</b></td>
<td width="10%"><b>Time (seconds)</b></td>
<td><b>Instance</b></td>
</tr>
<tr>
<td title='tests.product_page.ProductPageTests.test12_inspirationPage()'><b>test12_inspirationPage</b><br>Test class: tests.product_page.ProductPageTests</td>
<td><div><pre>org.openqa.selenium.InvalidSelectorException: The given selector .//*[@id=&apos;Content&apos;]/div[1]/div[2]/div/div/div/ul/li[12]/div[1]/a); is either invalid or does not result in a WebElement. The following error occurred:
InvalidSelectorError: Unable to locate an element with the xpath expression .//*[@id=&apos;Content&apos;]/div[1]/div[2]/div/div/div/ul/li[12]/div[1]/a); because of the following error:
SyntaxError: The expression is not a legal expression.
Command duration or timeout: 20 milliseconds
For documentation on this error, please visit: http://seleniumhq.org/exceptions/invalid_selector_exception.html
Build info: version: &apos;2.51.0&apos;, revision: &apos;1af067dbcaedd7d2ab9af5151fc471d363d97193&apos;, time: &apos;2016-02-05 11:20:57&apos;
System info: host: &apos;alexace-pc&apos;, ip: &apos;127.0.1.1&apos;, os.name: &apos;Linux&apos;, os.arch: &apos;amd64&apos;, os.version: &apos;3.13.0-77-generic&apos;, java.version: &apos;1.8.0_60&apos;
Driver info: org.openqa.selenium.firefox.FirefoxDriver
Capabilities [{applicationCacheEnabled=true, rotatable=false, handlesAlerts=true, databaseEnabled=true, version=44.0.1, platform=LINUX, nativeEvents=false, acceptSslCerts=true, webStorageEnabled=true, locationContextEnabled=true, browserName=firefox, takesScreenshot=true, javascriptEnabled=true, cssSelectorsEnabled=true}]
Session ID: 4f212293-c9c6-4a5c-90a8-3848cfb387bb
*** Element info: {Using=xpath, value=.//*[@id=&apos;Content&apos;]/div[1]/div[2]/div/div/div/ul/li[12]/div[1]/a);}
	at org.openqa.selenium.remote.ErrorHandler.createThrowable(ErrorHandler.java:206)
	at org.openqa.selenium.remote.ErrorHandler.throwIfResponseFailed(ErrorHandler.java:158)
	at org.openqa.selenium.remote.RemoteWebDriver.execute(RemoteWebDriver.java:678)
	at org.openqa.selenium.remote.RemoteWebDriver.findElement(RemoteWebDriver.java:363)
	at org.openqa.selenium.remote.RemoteWebDriver.findElementByXPath(RemoteWebDriver.java:500)
	at org.openqa.selenium.By$ByXPath.findElement(By.java:361)
	at org.openqa.selenium.remote.RemoteWebDriver.findElement(RemoteWebDriver.java:355)
	at utils.WebElementsActions.clickElement(WebElementsActions.java:117)
	at utils.WebElementsActions.moveToElementAndClick(WebElementsActions.java:184)
	at pages.HomePage.switchToInspirationPage(HomePage.java:486)
	at tests.product_page.ProductPageTests.test12_inspirationPage(ProductPageTests.java:241)
Caused by: org.openqa.selenium.InvalidSelectorException: The given selector .//*[@id=&apos;Content&apos;]/div[1]/div[2]/div/div/div/ul/li[12]/div[1]/a); is either invalid or does not result in a WebElement. The following error occurred:
InvalidSelectorError: Unable to locate an element with the xpath expression .//*[@id=&apos;Content&apos;]/div[1]/div[2]/div/div/div/ul/li[12]/div[1]/a); because of the following error:
SyntaxError: The expression is not a legal expression.
For documentation on this error, please visit: http://seleniumhq.org/exceptions/invalid_selector_exception.html
Build info: version: &apos;2.51.0&apos;, revision: &apos;1af067dbcaedd7d2ab9af5151fc471d363d97193&apos;, time: &apos;2016-02-05 11:20:57&apos;
System info: host: &apos;alexace-pc&apos;, ip: &apos;127.0.1.1&apos;, os.name: &apos;Linux&apos;, os.arch: &apos;amd64&apos;, os.version: &apos;3.13.0-77-generic&apos;, java.version: &apos;1.8.0_60&apos;
Driver info: driver.version: unknown
	at &lt;anonymous class&gt;.FirefoxDriver.annotateInvalidSelectorError_(file:///tmp/anonymous5567819272227032340webdriver-profile/extensions/fxdriver@googlecode.com/components/driver-component.js:10697)
	at &lt;anonymous class&gt;.FirefoxDriver.prototype.findElementInternal_(file:///tmp/anonymous5567819272227032340webdriver-profile/extensions/fxdriver@googlecode.com/components/driver-component.js:10728)
	at &lt;anonymous class&gt;.FirefoxDriver.prototype.findElement(file:///tmp/anonymous5567819272227032340webdriver-profile/extensions/fxdriver@googlecode.com/components/driver-component.js:10732)
	at &lt;anonymous class&gt;.DelayedCommand.prototype.executeInternal_/h(file:///tmp/anonymous5567819272227032340webdriver-profile/extensions/fxdriver@googlecode.com/components/command-processor.js:12602)
	at &lt;anonymous class&gt;.DelayedCommand.prototype.executeInternal_(file:///tmp/anonymous5567819272227032340webdriver-profile/extensions/fxdriver@googlecode.com/components/command-processor.js:12607)
	at &lt;anonymous class&gt;.DelayedCommand.prototype.execute/&lt;(file:///tmp/anonymous5567819272227032340webdriver-profile/extensions/fxdriver@googlecode.com/components/command-processor.js:12549)
... Removed 32 stack frames</pre></div><a href='#' onClick='toggleBox("stack-trace414225167", this, "Click to show all stack frames", "Click to hide stack frames")'>Click to show all stack frames</a>
<div class='stack-trace' id='stack-trace414225167'><pre>org.openqa.selenium.InvalidSelectorException: The given selector .//*[@id=&apos;Content&apos;]/div[1]/div[2]/div/div/div/ul/li[12]/div[1]/a); is either invalid or does not result in a WebElement. The following error occurred:
InvalidSelectorError: Unable to locate an element with the xpath expression .//*[@id=&apos;Content&apos;]/div[1]/div[2]/div/div/div/ul/li[12]/div[1]/a); because of the following error:
SyntaxError: The expression is not a legal expression.
Command duration or timeout: 20 milliseconds
For documentation on this error, please visit: http://seleniumhq.org/exceptions/invalid_selector_exception.html
Build info: version: &apos;2.51.0&apos;, revision: &apos;1af067dbcaedd7d2ab9af5151fc471d363d97193&apos;, time: &apos;2016-02-05 11:20:57&apos;
System info: host: &apos;alexace-pc&apos;, ip: &apos;127.0.1.1&apos;, os.name: &apos;Linux&apos;, os.arch: &apos;amd64&apos;, os.version: &apos;3.13.0-77-generic&apos;, java.version: &apos;1.8.0_60&apos;
Driver info: org.openqa.selenium.firefox.FirefoxDriver
Capabilities [{applicationCacheEnabled=true, rotatable=false, handlesAlerts=true, databaseEnabled=true, version=44.0.1, platform=LINUX, nativeEvents=false, acceptSslCerts=true, webStorageEnabled=true, locationContextEnabled=true, browserName=firefox, takesScreenshot=true, javascriptEnabled=true, cssSelectorsEnabled=true}]
Session ID: 4f212293-c9c6-4a5c-90a8-3848cfb387bb
*** Element info: {Using=xpath, value=.//*[@id=&apos;Content&apos;]/div[1]/div[2]/div/div/div/ul/li[12]/div[1]/a);}
	at sun.reflect.NativeConstructorAccessorImpl.newInstance0(Native Method)
	at sun.reflect.NativeConstructorAccessorImpl.newInstance(NativeConstructorAccessorImpl.java:62)
	at sun.reflect.DelegatingConstructorAccessorImpl.newInstance(DelegatingConstructorAccessorImpl.java:45)
	at java.lang.reflect.Constructor.newInstance(Constructor.java:422)
	at org.openqa.selenium.remote.ErrorHandler.createThrowable(ErrorHandler.java:206)
	at org.openqa.selenium.remote.ErrorHandler.throwIfResponseFailed(ErrorHandler.java:158)
	at org.openqa.selenium.remote.RemoteWebDriver.execute(RemoteWebDriver.java:678)
	at org.openqa.selenium.remote.RemoteWebDriver.findElement(RemoteWebDriver.java:363)
	at org.openqa.selenium.remote.RemoteWebDriver.findElementByXPath(RemoteWebDriver.java:500)
	at org.openqa.selenium.By$ByXPath.findElement(By.java:361)
	at org.openqa.selenium.remote.RemoteWebDriver.findElement(RemoteWebDriver.java:355)
	at utils.WebElementsActions.clickElement(WebElementsActions.java:117)
	at utils.WebElementsActions.moveToElementAndClick(WebElementsActions.java:184)
	at pages.HomePage.switchToInspirationPage(HomePage.java:486)
	at tests.product_page.ProductPageTests.test12_inspirationPage(ProductPageTests.java:241)
	at sun.reflect.NativeMethodAccessorImpl.invoke0(Native Method)
	at sun.reflect.NativeMethodAccessorImpl.invoke(NativeMethodAccessorImpl.java:62)
	at sun.reflect.DelegatingMethodAccessorImpl.invoke(DelegatingMethodAccessorImpl.java:43)
	at java.lang.reflect.Method.invoke(Method.java:497)
	at org.testng.internal.MethodInvocationHelper.invokeMethod(MethodInvocationHelper.java:84)
	at org.testng.internal.Invoker.invokeMethod(Invoker.java:714)
	at org.testng.internal.Invoker.invokeTestMethod(Invoker.java:901)
	at org.testng.internal.Invoker.invokeTestMethods(Invoker.java:1231)
	at org.testng.internal.TestMethodWorker.invokeTestMethods(TestMethodWorker.java:127)
	at org.testng.internal.TestMethodWorker.run(TestMethodWorker.java:111)
	at org.testng.TestRunner.privateRun(TestRunner.java:767)
	at org.testng.TestRunner.run(TestRunner.java:617)
	at org.testng.SuiteRunner.runTest(SuiteRunner.java:348)
	at org.testng.SuiteRunner.runSequentially(SuiteRunner.java:343)
	at org.testng.SuiteRunner.privateRun(SuiteRunner.java:305)
	at org.testng.SuiteRunner.run(SuiteRunner.java:254)
	at org.testng.SuiteRunnerWorker.runSuite(SuiteRunnerWorker.java:52)
	at org.testng.SuiteRunnerWorker.run(SuiteRunnerWorker.java:86)
	at org.testng.TestNG.runSuitesSequentially(TestNG.java:1224)
	at org.testng.TestNG.runSuitesSequentially(TestNG.java:1220)
	at org.testng.TestNG.runSuitesLocally(TestNG.java:1149)
	at org.testng.TestNG.run(TestNG.java:1057)
	at org.apache.maven.surefire.testng.TestNGExecutor.run(TestNGExecutor.java:293)
	at org.apache.maven.surefire.testng.TestNGXmlTestSuite.execute(TestNGXmlTestSuite.java:84)
	at org.apache.maven.surefire.testng.TestNGProvider.invoke(TestNGProvider.java:91)
	at org.apache.maven.surefire.booter.ForkedBooter.invokeProviderInSameClassLoader(ForkedBooter.java:200)
	at org.apache.maven.surefire.booter.ForkedBooter.runSuitesInProcess(ForkedBooter.java:153)
	at org.apache.maven.surefire.booter.ForkedBooter.main(ForkedBooter.java:103)
Caused by: org.openqa.selenium.InvalidSelectorException: The given selector .//*[@id=&apos;Content&apos;]/div[1]/div[2]/div/div/div/ul/li[12]/div[1]/a); is either invalid or does not result in a WebElement. The following error occurred:
InvalidSelectorError: Unable to locate an element with the xpath expression .//*[@id=&apos;Content&apos;]/div[1]/div[2]/div/div/div/ul/li[12]/div[1]/a); because of the following error:
SyntaxError: The expression is not a legal expression.
For documentation on this error, please visit: http://seleniumhq.org/exceptions/invalid_selector_exception.html
Build info: version: &apos;2.51.0&apos;, revision: &apos;1af067dbcaedd7d2ab9af5151fc471d363d97193&apos;, time: &apos;2016-02-05 11:20:57&apos;
System info: host: &apos;alexace-pc&apos;, ip: &apos;127.0.1.1&apos;, os.name: &apos;Linux&apos;, os.arch: &apos;amd64&apos;, os.version: &apos;3.13.0-77-generic&apos;, java.version: &apos;1.8.0_60&apos;
Driver info: driver.version: unknown
	at &lt;anonymous class&gt;.FirefoxDriver.annotateInvalidSelectorError_(file:///tmp/anonymous5567819272227032340webdriver-profile/extensions/fxdriver@googlecode.com/components/driver-component.js:10697)
	at &lt;anonymous class&gt;.FirefoxDriver.prototype.findElementInternal_(file:///tmp/anonymous5567819272227032340webdriver-profile/extensions/fxdriver@googlecode.com/components/driver-component.js:10728)
	at &lt;anonymous class&gt;.FirefoxDriver.prototype.findElement(file:///tmp/anonymous5567819272227032340webdriver-profile/extensions/fxdriver@googlecode.com/components/driver-component.js:10732)
	at &lt;anonymous class&gt;.DelayedCommand.prototype.executeInternal_/h(file:///tmp/anonymous5567819272227032340webdriver-profile/extensions/fxdriver@googlecode.com/components/command-processor.js:12602)
	at &lt;anonymous class&gt;.DelayedCommand.prototype.executeInternal_(file:///tmp/anonymous5567819272227032340webdriver-profile/extensions/fxdriver@googlecode.com/components/command-processor.js:12607)
	at &lt;anonymous class&gt;.DelayedCommand.prototype.execute/&lt;(file:///tmp/anonymous5567819272227032340webdriver-profile/extensions/fxdriver@googlecode.com/components/command-processor.js:12549)
</pre></div></td>
<td>0</td>
<td>tests.product_page.ProductPageTests@8bd1b6a</td></tr>
<tr>
<td title='tests.registration.RegistrationTests.test1_positiveRegistration()'><b>test1_positiveRegistration</b><br>Test class: tests.registration.RegistrationTests</td>
<td><div><pre>org.openqa.selenium.WebDriverException: Element is not clickable at point (828, 639). Other element would receive the click: &lt;ul class=&quot;quick-links-list-2&quot;&gt;&lt;/ul&gt;
Command duration or timeout: 69 milliseconds
Build info: version: &apos;2.51.0&apos;, revision: &apos;1af067dbcaedd7d2ab9af5151fc471d363d97193&apos;, time: &apos;2016-02-05 11:20:57&apos;
System info: host: &apos;alexace-pc&apos;, ip: &apos;127.0.1.1&apos;, os.name: &apos;Linux&apos;, os.arch: &apos;amd64&apos;, os.version: &apos;3.13.0-77-generic&apos;, java.version: &apos;1.8.0_60&apos;
Driver info: org.openqa.selenium.firefox.FirefoxDriver
Capabilities [{applicationCacheEnabled=true, rotatable=false, handlesAlerts=true, databaseEnabled=true, version=44.0.1, platform=LINUX, nativeEvents=false, acceptSslCerts=true, webStorageEnabled=true, locationContextEnabled=true, browserName=firefox, takesScreenshot=true, javascriptEnabled=true, cssSelectorsEnabled=true}]
Session ID: 4f212293-c9c6-4a5c-90a8-3848cfb387bb
	at org.openqa.selenium.remote.ErrorHandler.createThrowable(ErrorHandler.java:206)
	at org.openqa.selenium.remote.ErrorHandler.throwIfResponseFailed(ErrorHandler.java:158)
	at org.openqa.selenium.remote.RemoteWebDriver.execute(RemoteWebDriver.java:678)
	at org.openqa.selenium.remote.RemoteWebElement.execute(RemoteWebElement.java:327)
	at org.openqa.selenium.remote.RemoteWebElement.click(RemoteWebElement.java:85)
	at utils.WebElementsActions.clickElement(WebElementsActions.java:117)
	at pages.RegistrationPage.clickButtonRegistration(RegistrationPage.java:213)
	at tests.registration.RegistrationTests.test1_positiveRegistration(RegistrationTests.java:42)
... Removed 32 stack frames</pre></div><a href='#' onClick='toggleBox("stack-trace1414845278", this, "Click to show all stack frames", "Click to hide stack frames")'>Click to show all stack frames</a>
<div class='stack-trace' id='stack-trace1414845278'><pre>org.openqa.selenium.WebDriverException: Element is not clickable at point (828, 639). Other element would receive the click: &lt;ul class=&quot;quick-links-list-2&quot;&gt;&lt;/ul&gt;
Command duration or timeout: 69 milliseconds
Build info: version: &apos;2.51.0&apos;, revision: &apos;1af067dbcaedd7d2ab9af5151fc471d363d97193&apos;, time: &apos;2016-02-05 11:20:57&apos;
System info: host: &apos;alexace-pc&apos;, ip: &apos;127.0.1.1&apos;, os.name: &apos;Linux&apos;, os.arch: &apos;amd64&apos;, os.version: &apos;3.13.0-77-generic&apos;, java.version: &apos;1.8.0_60&apos;
Driver info: org.openqa.selenium.firefox.FirefoxDriver
Capabilities [{applicationCacheEnabled=true, rotatable=false, handlesAlerts=true, databaseEnabled=true, version=44.0.1, platform=LINUX, nativeEvents=false, acceptSslCerts=true, webStorageEnabled=true, locationContextEnabled=true, browserName=firefox, takesScreenshot=true, javascriptEnabled=true, cssSelectorsEnabled=true}]
Session ID: 4f212293-c9c6-4a5c-90a8-3848cfb387bb
	at sun.reflect.NativeConstructorAccessorImpl.newInstance0(Native Method)
	at sun.reflect.NativeConstructorAccessorImpl.newInstance(NativeConstructorAccessorImpl.java:62)
	at sun.reflect.DelegatingConstructorAccessorImpl.newInstance(DelegatingConstructorAccessorImpl.java:45)
	at java.lang.reflect.Constructor.newInstance(Constructor.java:422)
	at org.openqa.selenium.remote.ErrorHandler.createThrowable(ErrorHandler.java:206)
	at org.openqa.selenium.remote.ErrorHandler.throwIfResponseFailed(ErrorHandler.java:158)
	at org.openqa.selenium.remote.RemoteWebDriver.execute(RemoteWebDriver.java:678)
	at org.openqa.selenium.remote.RemoteWebElement.execute(RemoteWebElement.java:327)
	at org.openqa.selenium.remote.RemoteWebElement.click(RemoteWebElement.java:85)
	at utils.WebElementsActions.clickElement(WebElementsActions.java:117)
	at pages.RegistrationPage.clickButtonRegistration(RegistrationPage.java:213)
	at tests.registration.RegistrationTests.test1_positiveRegistration(RegistrationTests.java:42)
	at sun.reflect.NativeMethodAccessorImpl.invoke0(Native Method)
	at sun.reflect.NativeMethodAccessorImpl.invoke(NativeMethodAccessorImpl.java:62)
	at sun.reflect.DelegatingMethodAccessorImpl.invoke(DelegatingMethodAccessorImpl.java:43)
	at java.lang.reflect.Method.invoke(Method.java:497)
	at org.testng.internal.MethodInvocationHelper.invokeMethod(MethodInvocationHelper.java:84)
	at org.testng.internal.Invoker.invokeMethod(Invoker.java:714)
	at org.testng.internal.Invoker.invokeTestMethod(Invoker.java:901)
	at org.testng.internal.Invoker.invokeTestMethods(Invoker.java:1231)
	at org.testng.internal.TestMethodWorker.invokeTestMethods(TestMethodWorker.java:127)
	at org.testng.internal.TestMethodWorker.run(TestMethodWorker.java:111)
	at org.testng.TestRunner.privateRun(TestRunner.java:767)
	at org.testng.TestRunner.run(TestRunner.java:617)
	at org.testng.SuiteRunner.runTest(SuiteRunner.java:348)
	at org.testng.SuiteRunner.runSequentially(SuiteRunner.java:343)
	at org.testng.SuiteRunner.privateRun(SuiteRunner.java:305)
	at org.testng.SuiteRunner.run(SuiteRunner.java:254)
	at org.testng.SuiteRunnerWorker.runSuite(SuiteRunnerWorker.java:52)
	at org.testng.SuiteRunnerWorker.run(SuiteRunnerWorker.java:86)
	at org.testng.TestNG.runSuitesSequentially(TestNG.java:1224)
	at org.testng.TestNG.runSuitesSequentially(TestNG.java:1220)
	at org.testng.TestNG.runSuitesLocally(TestNG.java:1149)
	at org.testng.TestNG.run(TestNG.java:1057)
	at org.apache.maven.surefire.testng.TestNGExecutor.run(TestNGExecutor.java:293)
	at org.apache.maven.surefire.testng.TestNGXmlTestSuite.execute(TestNGXmlTestSuite.java:84)
	at org.apache.maven.surefire.testng.TestNGProvider.invoke(TestNGProvider.java:91)
	at org.apache.maven.surefire.booter.ForkedBooter.invokeProviderInSameClassLoader(ForkedBooter.java:200)
	at org.apache.maven.surefire.booter.ForkedBooter.runSuitesInProcess(ForkedBooter.java:153)
	at org.apache.maven.surefire.booter.ForkedBooter.main(ForkedBooter.java:103)
</pre></div></td>
<td>4</td>
<td>tests.registration.RegistrationTests@5b275dab</td></tr>
</table><p>
<table width='100%' border='1' class='invocation-passed'>
<tr><td colspan='4' align='center'><b>PASSED TESTS</b></td></tr>
<tr><td><b>Test method</b></td>
<td width="30%"><b>Exception</b></td>
<td width="10%"><b>Time (seconds)</b></td>
<td><b>Instance</b></td>
</tr>
<tr>
<td title='tests.registration.RegistrationTests.test10_negativeFirstEmailFieldEmpty()'><b>test10_negativeFirstEmailFieldEmpty</b><br>Test class: tests.registration.RegistrationTests</td>
<td></td>
<td>3</td>
<td>tests.registration.RegistrationTests@5b275dab</td></tr>
<tr>
<td title='tests.product_page.ProductPageTests.test10_plusPage()'><b>test10_plusPage</b><br>Test class: tests.product_page.ProductPageTests</td>
<td></td>
<td>12</td>
<td>tests.product_page.ProductPageTests@8bd1b6a</td></tr>
<tr>
<td title='tests.registration.RegistrationTests.test11_negativeSecondEmailFieldEmpty()'><b>test11_negativeSecondEmailFieldEmpty</b><br>Test class: tests.registration.RegistrationTests</td>
<td></td>
<td>4</td>
<td>tests.registration.RegistrationTests@5b275dab</td></tr>
<tr>
<td title='tests.product_page.ProductPageTests.test11_reaPage()'><b>test11_reaPage</b><br>Test class: tests.product_page.ProductPageTests</td>
<td></td>
<td>13</td>
<td>tests.product_page.ProductPageTests@8bd1b6a</td></tr>
<tr>
<td title='tests.registration.RegistrationTests.test12_negativeVariousEmailAddress()'><b>test12_negativeVariousEmailAddress</b><br>Test class: tests.registration.RegistrationTests</td>
<td></td>
<td>4</td>
<td>tests.registration.RegistrationTests@5b275dab</td></tr>
<tr>
<td title='tests.registration.RegistrationTests.test13_negativeVariousPassFields()'><b>test13_negativeVariousPassFields</b><br>Test class: tests.registration.RegistrationTests</td>
<td></td>
<td>4</td>
<td>tests.registration.RegistrationTests@5b275dab</td></tr>
<tr>
<td title='tests.product_page.ProductPageTests.test13_resorPage()'><b>test13_resorPage</b><br>Test class: tests.product_page.ProductPageTests</td>
<td></td>
<td>12</td>
<td>tests.product_page.ProductPageTests@8bd1b6a</td></tr>
<tr>
<td title='tests.login.LoginTests.test1_positiveLogin()'><b>test1_positiveLogin</b><br>Test class: tests.login.LoginTests</td>
<td></td>
<td>12</td>
<td>tests.login.LoginTests@61832929</td></tr>
<tr>
<td title='tests.product_page.ProductPageTests.test1_womanProductPage()'><b>test1_womanProductPage</b><br>Test class: tests.product_page.ProductPageTests</td>
<td></td>
<td>15</td>
<td>tests.product_page.ProductPageTests@8bd1b6a</td></tr>
<tr>
<td title='tests.login.LoginTests.test2_incorrectLogin()'><b>test2_incorrectLogin</b><br>Test class: tests.login.LoginTests</td>
<td></td>
<td>4</td>
<td>tests.login.LoginTests@61832929</td></tr>
<tr>
<td title='tests.product_page.ProductPageTests.test2_manProductPage()'><b>test2_manProductPage</b><br>Test class: tests.product_page.ProductPageTests</td>
<td></td>
<td>35</td>
<td>tests.product_page.ProductPageTests@8bd1b6a</td></tr>
<tr>
<td title='tests.registration.RegistrationTests.test2_negativeOnlyFirstEmailField()'><b>test2_negativeOnlyFirstEmailField</b><br>Test class: tests.registration.RegistrationTests</td>
<td></td>
<td>4</td>
<td>tests.registration.RegistrationTests@5b275dab</td></tr>
<tr>
<td title='tests.product_page.ProductPageTests.test3_barnProductPage()'><b>test3_barnProductPage</b><br>Test class: tests.product_page.ProductPageTests</td>
<td></td>
<td>15</td>
<td>tests.product_page.ProductPageTests@8bd1b6a</td></tr>
<tr>
<td title='tests.login.LoginTests.test3_incorrectPassField()'><b>test3_incorrectPassField</b><br>Test class: tests.login.LoginTests</td>
<td></td>
<td>2</td>
<td>tests.login.LoginTests@61832929</td></tr>
<tr>
<td title='tests.registration.RegistrationTests.test3_negativeOnlySecondEmailField()'><b>test3_negativeOnlySecondEmailField</b><br>Test class: tests.registration.RegistrationTests</td>
<td></td>
<td>4</td>
<td>tests.registration.RegistrationTests@5b275dab</td></tr>
<tr>
<td title='tests.login.LoginTests.test4_emptyEmailAndPassFields()'><b>test4_emptyEmailAndPassFields</b><br>Test class: tests.login.LoginTests</td>
<td></td>
<td>1</td>
<td>tests.login.LoginTests@61832929</td></tr>
<tr>
<td title='tests.registration.RegistrationTests.test4_negativeOnlyFirstPassField()'><b>test4_negativeOnlyFirstPassField</b><br>Test class: tests.registration.RegistrationTests</td>
<td></td>
<td>4</td>
<td>tests.registration.RegistrationTests@5b275dab</td></tr>
<tr>
<td title='tests.product_page.ProductPageTests.test4_sportProductPage()'><b>test4_sportProductPage</b><br>Test class: tests.product_page.ProductPageTests</td>
<td></td>
<td>13</td>
<td>tests.product_page.ProductPageTests@8bd1b6a</td></tr>
<tr>
<td title='tests.login.LoginTests.test5_emptyEmailField()'><b>test5_emptyEmailField</b><br>Test class: tests.login.LoginTests</td>
<td></td>
<td>2</td>
<td>tests.login.LoginTests@61832929</td></tr>
<tr>
<td title='tests.product_page.ProductPageTests.test5_linenAndBathPage()'><b>test5_linenAndBathPage</b><br>Test class: tests.product_page.ProductPageTests</td>
<td></td>
<td>29</td>
<td>tests.product_page.ProductPageTests@8bd1b6a</td></tr>
<tr>
<td title='tests.registration.RegistrationTests.test5_negativeOnlySecondPassField()'><b>test5_negativeOnlySecondPassField</b><br>Test class: tests.registration.RegistrationTests</td>
<td></td>
<td>4</td>
<td>tests.registration.RegistrationTests@5b275dab</td></tr>
<tr>
<td title='tests.login.LoginTests.test6_emptyPassField()'><b>test6_emptyPassField</b><br>Test class: tests.login.LoginTests</td>
<td></td>
<td>1</td>
<td>tests.login.LoginTests@61832929</td></tr>
<tr>
<td title='tests.product_page.ProductPageTests.test6_footwearPage()'><b>test6_footwearPage</b><br>Test class: tests.product_page.ProductPageTests</td>
<td></td>
<td>12</td>
<td>tests.product_page.ProductPageTests@8bd1b6a</td></tr>
<tr>
<td title='tests.registration.RegistrationTests.test6_negativeOnlyEmailFields()'><b>test6_negativeOnlyEmailFields</b><br>Test class: tests.registration.RegistrationTests</td>
<td></td>
<td>4</td>
<td>tests.registration.RegistrationTests@5b275dab</td></tr>
<tr>
<td title='tests.product_page.ProductPageTests.test7_hemPage()'><b>test7_hemPage</b><br>Test class: tests.product_page.ProductPageTests</td>
<td></td>
<td>13</td>
<td>tests.product_page.ProductPageTests@8bd1b6a</td></tr>
<tr>
<td title='tests.registration.RegistrationTests.test7_negativeOnlyPassFields()'><b>test7_negativeOnlyPassFields</b><br>Test class: tests.registration.RegistrationTests</td>
<td></td>
<td>3</td>
<td>tests.registration.RegistrationTests@5b275dab</td></tr>
<tr>
<td title='tests.product_page.ProductPageTests.test8_electronicPage()'><b>test8_electronicPage</b><br>Test class: tests.product_page.ProductPageTests</td>
<td></td>
<td>27</td>
<td>tests.product_page.ProductPageTests@8bd1b6a</td></tr>
<tr>
<td title='tests.registration.RegistrationTests.test8_negativeFirstPassFieldEmpty()'><b>test8_negativeFirstPassFieldEmpty</b><br>Test class: tests.registration.RegistrationTests</td>
<td></td>
<td>4</td>
<td>tests.registration.RegistrationTests@5b275dab</td></tr>
<tr>
<td title='tests.product_page.ProductPageTests.test9_beautyAndHealthPage()'><b>test9_beautyAndHealthPage</b><br>Test class: tests.product_page.ProductPageTests</td>
<td></td>
<td>27</td>
<td>tests.product_page.ProductPageTests@8bd1b6a</td></tr>
<tr>
<td title='tests.registration.RegistrationTests.test9_negativeSecondPassFieldEmpty()'><b>test9_negativeSecondPassFieldEmpty</b><br>Test class: tests.registration.RegistrationTests</td>
<td></td>
<td>4</td>
<td>tests.registration.RegistrationTests@5b275dab</td></tr>
</table><p>
</body>
</html>