<?xml version="1.0" encoding="UTF-8"?>
<!-- Generated by org.testng.reporters.JUnitXMLReporter -->
<testsuite hostname="alexace-pc" name="Functional" tests="32" failures="2" timestamp="11 Feb 2016 16:21:09 GMT" time="321.48" errors="0">
  <testcase name="test1_positiveLogin" time="12.851" classname="tests.login.LoginTests"/>
  <testcase name="test2_incorrectLogin" time="4.418" classname="tests.login.LoginTests"/>
  <testcase name="test3_incorrectPassField" time="2.455" classname="tests.login.LoginTests"/>
  <testcase name="test4_emptyEmailAndPassFields" time="1.566" classname="tests.login.LoginTests"/>
  <testcase name="test5_emptyEmailField" time="2.689" classname="tests.login.LoginTests"/>
  <testcase name="test6_emptyPassField" time="1.752" classname="tests.login.LoginTests"/>
  <testcase name="test1_positiveRegistration" time="4.811" classname="tests.registration.RegistrationTests">
    <failure type="org.openqa.selenium.WebDriverException" message="Element is not clickable at point (828, 639). Other element would receive the click: &amp;lt;ul class=&amp;quot;quick-links-list-2&amp;quot;&amp;gt;&amp;lt;/ul&amp;gt;
Command duration or timeout: 69 milliseconds
Build info: version: &amp;apos;2.51.0&amp;apos;, revision: &amp;apos;1af067dbcaedd7d2ab9af5151fc471d363d97193&amp;apos;, time: &amp;apos;2016-02-05 11:20:57&amp;apos;
System info: host: &amp;apos;alexace-pc&amp;apos;, ip: &amp;apos;127.0.1.1&amp;apos;, os.name: &amp;apos;Linux&amp;apos;, os.arch: &amp;apos;amd64&amp;apos;, os.version: &amp;apos;3.13.0-77-generic&amp;apos;, java.version: &amp;apos;1.8.0_60&amp;apos;
Driver info: org.openqa.selenium.firefox.FirefoxDriver
Capabilities [{applicationCacheEnabled=true, rotatable=false, handlesAlerts=true, databaseEnabled=true, version=44.0.1, platform=LINUX, nativeEvents=false, acceptSslCerts=true, webStorageEnabled=true, locationContextEnabled=true, browserName=firefox, takesScreenshot=true, javascriptEnabled=true, cssSelectorsEnabled=true}]
Session ID: 4f212293-c9c6-4a5c-90a8-3848cfb387bb">
      <![CDATA[org.openqa.selenium.WebDriverException: Element is not clickable at point (828, 639). Other element would receive the click: <ul class="quick-links-list-2"></ul>
Command duration or timeout: 69 milliseconds
Build info: version: '2.51.0', revision: '1af067dbcaedd7d2ab9af5151fc471d363d97193', time: '2016-02-05 11:20:57'
System info: host: 'alexace-pc', ip: '127.0.1.1', os.name: 'Linux', os.arch: 'amd64', os.version: '3.13.0-77-generic', java.version: '1.8.0_60'
Driver info: org.openqa.selenium.firefox.FirefoxDriver
Capabilities [{applicationCacheEnabled=true, rotatable=false, handlesAlerts=true, databaseEnabled=true, version=44.0.1, platform=LINUX, nativeEvents=false, acceptSslCerts=true, webStorageEnabled=true, locationContextEnabled=true, browserName=firefox, takesScreenshot=true, javascriptEnabled=true, cssSelectorsEnabled=true}]
Session ID: 4f212293-c9c6-4a5c-90a8-3848cfb387bb
	at org.openqa.selenium.remote.ErrorHandler.createThrowable(ErrorHandler.java:206)
	at org.openqa.selenium.remote.ErrorHandler.throwIfResponseFailed(ErrorHandler.java:158)
	at org.openqa.selenium.remote.RemoteWebDriver.execute(RemoteWebDriver.java:678)
	at org.openqa.selenium.remote.RemoteWebElement.execute(RemoteWebElement.java:327)
	at org.openqa.selenium.remote.RemoteWebElement.click(RemoteWebElement.java:85)
	at utils.WebElementsActions.clickElement(WebElementsActions.java:117)
	at pages.RegistrationPage.clickButtonRegistration(RegistrationPage.java:213)
	at tests.registration.RegistrationTests.test1_positiveRegistration(RegistrationTests.java:42)
... Removed 32 stack frames]]>
    </failure>
  </testcase> <!-- test1_positiveRegistration -->
  <testcase name="test2_negativeOnlyFirstEmailField" time="4.189" classname="tests.registration.RegistrationTests"/>
  <testcase name="test3_negativeOnlySecondEmailField" time="4.425" classname="tests.registration.RegistrationTests"/>
  <testcase name="test4_negativeOnlyFirstPassField" time="4.078" classname="tests.registration.RegistrationTests"/>
  <testcase name="test5_negativeOnlySecondPassField" time="4.307" classname="tests.registration.RegistrationTests"/>
  <testcase name="test6_negativeOnlyEmailFields" time="4.06" classname="tests.registration.RegistrationTests"/>
  <testcase name="test7_negativeOnlyPassFields" time="3.963" classname="tests.registration.RegistrationTests"/>
  <testcase name="test8_negativeFirstPassFieldEmpty" time="4.13" classname="tests.registration.RegistrationTests"/>
  <testcase name="test9_negativeSecondPassFieldEmpty" time="4.081" classname="tests.registration.RegistrationTests"/>
  <testcase name="test10_negativeFirstEmailFieldEmpty" time="3.887" classname="tests.registration.RegistrationTests"/>
  <testcase name="test11_negativeSecondEmailFieldEmpty" time="4.116" classname="tests.registration.RegistrationTests"/>
  <testcase name="test12_negativeVariousEmailAddress" time="4.739" classname="tests.registration.RegistrationTests"/>
  <testcase name="test13_negativeVariousPassFields" time="4.821" classname="tests.registration.RegistrationTests"/>
  <testcase name="test1_womanProductPage" time="15.376" classname="tests.product_page.ProductPageTests"/>
  <testcase name="test2_manProductPage" time="35.812" classname="tests.product_page.ProductPageTests"/>
  <testcase name="test3_barnProductPage" time="15.957" classname="tests.product_page.ProductPageTests"/>
  <testcase name="test4_sportProductPage" time="13.4" classname="tests.product_page.ProductPageTests"/>
  <testcase name="test5_linenAndBathPage" time="29.804" classname="tests.product_page.ProductPageTests"/>
  <testcase name="test6_footwearPage" time="12.372" classname="tests.product_page.ProductPageTests"/>
  <testcase name="test7_hemPage" time="13.57" classname="tests.product_page.ProductPageTests"/>
  <testcase name="test8_electronicPage" time="27.279" classname="tests.product_page.ProductPageTests"/>
  <testcase name="test9_beautyAndHealthPage" time="27.301" classname="tests.product_page.ProductPageTests"/>
  <testcase name="test10_plusPage" time="12.16" classname="tests.product_page.ProductPageTests"/>
  <testcase name="test11_reaPage" time="13.331" classname="tests.product_page.ProductPageTests"/>
  <testcase name="test12_inspirationPage" time="0.096" classname="tests.product_page.ProductPageTests">
    <failure type="org.openqa.selenium.InvalidSelectorException" message="The given selector .//*[@id=&amp;apos;Content&amp;apos;]/div[1]/div[2]/div/div/div/ul/li[12]/div[1]/a); is either invalid or does not result in a WebElement. The following error occurred:
InvalidSelectorError: Unable to locate an element with the xpath expression .//*[@id=&amp;apos;Content&amp;apos;]/div[1]/div[2]/div/div/div/ul/li[12]/div[1]/a); because of the following error:
SyntaxError: The expression is not a legal expression.
Command duration or timeout: 20 milliseconds
For documentation on this error, please visit: http://seleniumhq.org/exceptions/invalid_selector_exception.html
Build info: version: &amp;apos;2.51.0&amp;apos;, revision: &amp;apos;1af067dbcaedd7d2ab9af5151fc471d363d97193&amp;apos;, time: &amp;apos;2016-02-05 11:20:57&amp;apos;
System info: host: &amp;apos;alexace-pc&amp;apos;, ip: &amp;apos;127.0.1.1&amp;apos;, os.name: &amp;apos;Linux&amp;apos;, os.arch: &amp;apos;amd64&amp;apos;, os.version: &amp;apos;3.13.0-77-generic&amp;apos;, java.version: &amp;apos;1.8.0_60&amp;apos;
Driver info: org.openqa.selenium.firefox.FirefoxDriver
Capabilities [{applicationCacheEnabled=true, rotatable=false, handlesAlerts=true, databaseEnabled=true, version=44.0.1, platform=LINUX, nativeEvents=false, acceptSslCerts=true, webStorageEnabled=true, locationContextEnabled=true, browserName=firefox, takesScreenshot=true, javascriptEnabled=true, cssSelectorsEnabled=true}]
Session ID: 4f212293-c9c6-4a5c-90a8-3848cfb387bb
*** Element info: {Using=xpath, value=.//*[@id=&amp;apos;Content&amp;apos;]/div[1]/div[2]/div/div/div/ul/li[12]/div[1]/a);}">
      <![CDATA[org.openqa.selenium.InvalidSelectorException: The given selector .//*[@id='Content']/div[1]/div[2]/div/div/div/ul/li[12]/div[1]/a); is either invalid or does not result in a WebElement. The following error occurred:
InvalidSelectorError: Unable to locate an element with the xpath expression .//*[@id='Content']/div[1]/div[2]/div/div/div/ul/li[12]/div[1]/a); because of the following error:
SyntaxError: The expression is not a legal expression.
Command duration or timeout: 20 milliseconds
For documentation on this error, please visit: http://seleniumhq.org/exceptions/invalid_selector_exception.html
Build info: version: '2.51.0', revision: '1af067dbcaedd7d2ab9af5151fc471d363d97193', time: '2016-02-05 11:20:57'
System info: host: 'alexace-pc', ip: '127.0.1.1', os.name: 'Linux', os.arch: 'amd64', os.version: '3.13.0-77-generic', java.version: '1.8.0_60'
Driver info: org.openqa.selenium.firefox.FirefoxDriver
Capabilities [{applicationCacheEnabled=true, rotatable=false, handlesAlerts=true, databaseEnabled=true, version=44.0.1, platform=LINUX, nativeEvents=false, acceptSslCerts=true, webStorageEnabled=true, locationContextEnabled=true, browserName=firefox, takesScreenshot=true, javascriptEnabled=true, cssSelectorsEnabled=true}]
Session ID: 4f212293-c9c6-4a5c-90a8-3848cfb387bb
*** Element info: {Using=xpath, value=.//*[@id='Content']/div[1]/div[2]/div/div/div/ul/li[12]/div[1]/a);}
	at org.openqa.selenium.remote.ErrorHandler.createThrowable(ErrorHandler.java:206)
	at org.openqa.selenium.remote.ErrorHandler.throwIfResponseFailed(ErrorHandler.java:158)
	at org.openqa.selenium.remote.RemoteWebDriver.execute(RemoteWebDriver.java:678)
	at org.openqa.selenium.remote.RemoteWebDriver.findElement(RemoteWebDriver.java:363)
	at org.openqa.selenium.remote.RemoteWebDriver.findElementByXPath(RemoteWebDriver.java:500)
	at org.openqa.selenium.By$ByXPath.findElement(By.java:361)
	at org.openqa.selenium.remote.RemoteWebDriver.findElement(RemoteWebDriver.java:355)
	at utils.WebElementsActions.clickElement(WebElementsActions.java:117)
	at utils.WebElementsActions.moveToElementAndClick(WebElementsActions.java:184)
	at pages.HomePage.switchToInspirationPage(HomePage.java:486)
	at tests.product_page.ProductPageTests.test12_inspirationPage(ProductPageTests.java:241)
Caused by: org.openqa.selenium.InvalidSelectorException: The given selector .//*[@id='Content']/div[1]/div[2]/div/div/div/ul/li[12]/div[1]/a); is either invalid or does not result in a WebElement. The following error occurred:
InvalidSelectorError: Unable to locate an element with the xpath expression .//*[@id='Content']/div[1]/div[2]/div/div/div/ul/li[12]/div[1]/a); because of the following error:
SyntaxError: The expression is not a legal expression.
For documentation on this error, please visit: http://seleniumhq.org/exceptions/invalid_selector_exception.html
Build info: version: '2.51.0', revision: '1af067dbcaedd7d2ab9af5151fc471d363d97193', time: '2016-02-05 11:20:57'
System info: host: 'alexace-pc', ip: '127.0.1.1', os.name: 'Linux', os.arch: 'amd64', os.version: '3.13.0-77-generic', java.version: '1.8.0_60'
Driver info: driver.version: unknown
	at <anonymous class>.FirefoxDriver.annotateInvalidSelectorError_(file:///tmp/anonymous5567819272227032340webdriver-profile/extensions/fxdriver@googlecode.com/components/driver-component.js:10697)
	at <anonymous class>.FirefoxDriver.prototype.findElementInternal_(file:///tmp/anonymous5567819272227032340webdriver-profile/extensions/fxdriver@googlecode.com/components/driver-component.js:10728)
	at <anonymous class>.FirefoxDriver.prototype.findElement(file:///tmp/anonymous5567819272227032340webdriver-profile/extensions/fxdriver@googlecode.com/components/driver-component.js:10732)
	at <anonymous class>.DelayedCommand.prototype.executeInternal_/h(file:///tmp/anonymous5567819272227032340webdriver-profile/extensions/fxdriver@googlecode.com/components/command-processor.js:12602)
	at <anonymous class>.DelayedCommand.prototype.executeInternal_(file:///tmp/anonymous5567819272227032340webdriver-profile/extensions/fxdriver@googlecode.com/components/command-processor.js:12607)
	at <anonymous class>.DelayedCommand.prototype.execute/<(file:///tmp/anonymous5567819272227032340webdriver-profile/extensions/fxdriver@googlecode.com/components/command-processor.js:12549)
... Removed 32 stack frames]]>
    </failure>
  </testcase> <!-- test12_inspirationPage -->
  <testcase name="test13_resorPage" time="12.934" classname="tests.product_page.ProductPageTests"/>
</testsuite> <!-- Functional -->
