<?xml version="1.0" encoding="UTF-8"?>
<testng-results skipped="0" failed="2" total="32" passed="30">
  <reporter-output>
  </reporter-output>
  <suite name="globalSuite" duration-ms="0" started-at="2016-02-11T16:21:10Z" finished-at="2016-02-11T16:21:10Z">
    <groups>
    </groups>
  </suite> <!-- globalSuite -->
  <suite name="FunctionalSuite" duration-ms="321480" started-at="2016-02-11T16:15:48Z" finished-at="2016-02-11T16:21:09Z">
    <groups>
    </groups>
    <test name="Functional" duration-ms="321480" started-at="2016-02-11T16:15:48Z" finished-at="2016-02-11T16:21:09Z">
      <class name="tests.product_page.ProductPageTests">
        <test-method status="PASS" signature="startBrowser()[pri:0, instance:tests.product_page.ProductPageTests@8bd1b6a]" name="startBrowser" is-config="true" duration-ms="3479" started-at="2016-02-11T18:15:44Z" finished-at="2016-02-11T18:15:48Z">
          <reporter-output>
          </reporter-output>
        </test-method> <!-- startBrowser -->
        <test-method status="PASS" signature="setUp()[pri:0, instance:tests.product_page.ProductPageTests@8bd1b6a]" name="setUp" is-config="true" duration-ms="985" started-at="2016-02-11T18:17:19Z" finished-at="2016-02-11T18:17:20Z">
          <reporter-output>
          </reporter-output>
        </test-method> <!-- setUp -->
        <test-method status="PASS" signature="test1_womanProductPage()[pri:0, instance:tests.product_page.ProductPageTests@8bd1b6a]" name="test1_womanProductPage" duration-ms="15376" started-at="2016-02-11T18:17:20Z" finished-at="2016-02-11T18:17:35Z">
          <reporter-output>
          </reporter-output>
        </test-method> <!-- test1_womanProductPage -->
        <test-method status="PASS" signature="test2_manProductPage()[pri:0, instance:tests.product_page.ProductPageTests@8bd1b6a]" name="test2_manProductPage" duration-ms="35812" started-at="2016-02-11T18:17:35Z" finished-at="2016-02-11T18:18:11Z">
          <reporter-output>
          </reporter-output>
        </test-method> <!-- test2_manProductPage -->
        <test-method status="PASS" signature="test3_barnProductPage()[pri:0, instance:tests.product_page.ProductPageTests@8bd1b6a]" name="test3_barnProductPage" duration-ms="15957" started-at="2016-02-11T18:18:11Z" finished-at="2016-02-11T18:18:27Z">
          <reporter-output>
          </reporter-output>
        </test-method> <!-- test3_barnProductPage -->
        <test-method status="PASS" signature="test4_sportProductPage()[pri:0, instance:tests.product_page.ProductPageTests@8bd1b6a]" name="test4_sportProductPage" duration-ms="13400" started-at="2016-02-11T18:18:27Z" finished-at="2016-02-11T18:18:41Z">
          <reporter-output>
          </reporter-output>
        </test-method> <!-- test4_sportProductPage -->
        <test-method status="PASS" signature="test5_linenAndBathPage()[pri:0, instance:tests.product_page.ProductPageTests@8bd1b6a]" name="test5_linenAndBathPage" duration-ms="29804" started-at="2016-02-11T18:18:41Z" finished-at="2016-02-11T18:19:10Z">
          <reporter-output>
          </reporter-output>
        </test-method> <!-- test5_linenAndBathPage -->
        <test-method status="PASS" signature="test6_footwearPage()[pri:0, instance:tests.product_page.ProductPageTests@8bd1b6a]" name="test6_footwearPage" duration-ms="12372" started-at="2016-02-11T18:19:10Z" finished-at="2016-02-11T18:19:23Z">
          <reporter-output>
          </reporter-output>
        </test-method> <!-- test6_footwearPage -->
        <test-method status="PASS" signature="test7_hemPage()[pri:0, instance:tests.product_page.ProductPageTests@8bd1b6a]" name="test7_hemPage" duration-ms="13570" started-at="2016-02-11T18:19:23Z" finished-at="2016-02-11T18:19:36Z">
          <reporter-output>
          </reporter-output>
        </test-method> <!-- test7_hemPage -->
        <test-method status="PASS" signature="test8_electronicPage()[pri:0, instance:tests.product_page.ProductPageTests@8bd1b6a]" name="test8_electronicPage" duration-ms="27279" started-at="2016-02-11T18:19:36Z" finished-at="2016-02-11T18:20:04Z">
          <reporter-output>
          </reporter-output>
        </test-method> <!-- test8_electronicPage -->
        <test-method status="PASS" signature="test9_beautyAndHealthPage()[pri:0, instance:tests.product_page.ProductPageTests@8bd1b6a]" name="test9_beautyAndHealthPage" duration-ms="27301" started-at="2016-02-11T18:20:04Z" finished-at="2016-02-11T18:20:31Z">
          <reporter-output>
          </reporter-output>
        </test-method> <!-- test9_beautyAndHealthPage -->
        <test-method status="PASS" signature="test10_plusPage()[pri:0, instance:tests.product_page.ProductPageTests@8bd1b6a]" name="test10_plusPage" duration-ms="12160" started-at="2016-02-11T18:20:31Z" finished-at="2016-02-11T18:20:43Z">
          <reporter-output>
          </reporter-output>
        </test-method> <!-- test10_plusPage -->
        <test-method status="PASS" signature="test11_reaPage()[pri:0, instance:tests.product_page.ProductPageTests@8bd1b6a]" name="test11_reaPage" duration-ms="13331" started-at="2016-02-11T18:20:43Z" finished-at="2016-02-11T18:20:56Z">
          <reporter-output>
          </reporter-output>
        </test-method> <!-- test11_reaPage -->
        <test-method status="FAIL" signature="test12_inspirationPage()[pri:0, instance:tests.product_page.ProductPageTests@8bd1b6a]" name="test12_inspirationPage" duration-ms="96" started-at="2016-02-11T18:20:56Z" finished-at="2016-02-11T18:20:56Z">
          <exception class="org.openqa.selenium.InvalidSelectorException">
            <message>
              <![CDATA[The given selector .//*[@id='Content']/div[1]/div[2]/div/div/div/ul/li[12]/div[1]/a); is either invalid or does not result in a WebElement. The following error occurred:
InvalidSelectorError: Unable to locate an element with the xpath expression .//*[@id='Content']/div[1]/div[2]/div/div/div/ul/li[12]/div[1]/a); because of the following error:
SyntaxError: The expression is not a legal expression.
Command duration or timeout: 20 milliseconds
For documentation on this error, please visit: http://seleniumhq.org/exceptions/invalid_selector_exception.html
Build info: version: '2.51.0', revision: '1af067dbcaedd7d2ab9af5151fc471d363d97193', time: '2016-02-05 11:20:57'
System info: host: 'alexace-pc', ip: '127.0.1.1', os.name: 'Linux', os.arch: 'amd64', os.version: '3.13.0-77-generic', java.version: '1.8.0_60'
Driver info: org.openqa.selenium.firefox.FirefoxDriver
Capabilities [{applicationCacheEnabled=true, rotatable=false, handlesAlerts=true, databaseEnabled=true, version=44.0.1, platform=LINUX, nativeEvents=false, acceptSslCerts=true, webStorageEnabled=true, locationContextEnabled=true, browserName=firefox, takesScreenshot=true, javascriptEnabled=true, cssSelectorsEnabled=true}]
Session ID: 4f212293-c9c6-4a5c-90a8-3848cfb387bb
*** Element info: {Using=xpath, value=.//*[@id='Content']/div[1]/div[2]/div/div/div/ul/li[12]/div[1]/a);}]]>
            </message>
            <full-stacktrace>
              <![CDATA[org.openqa.selenium.InvalidSelectorException: The given selector .//*[@id='Content']/div[1]/div[2]/div/div/div/ul/li[12]/div[1]/a); is either invalid or does not result in a WebElement. The following error occurred:
InvalidSelectorError: Unable to locate an element with the xpath expression .//*[@id='Content']/div[1]/div[2]/div/div/div/ul/li[12]/div[1]/a); because of the following error:
SyntaxError: The expression is not a legal expression.
Command duration or timeout: 20 milliseconds
For documentation on this error, please visit: http://seleniumhq.org/exceptions/invalid_selector_exception.html
Build info: version: '2.51.0', revision: '1af067dbcaedd7d2ab9af5151fc471d363d97193', time: '2016-02-05 11:20:57'
System info: host: 'alexace-pc', ip: '127.0.1.1', os.name: 'Linux', os.arch: 'amd64', os.version: '3.13.0-77-generic', java.version: '1.8.0_60'
Driver info: org.openqa.selenium.firefox.FirefoxDriver
Capabilities [{applicationCacheEnabled=true, rotatable=false, handlesAlerts=true, databaseEnabled=true, version=44.0.1, platform=LINUX, nativeEvents=false, acceptSslCerts=true, webStorageEnabled=true, locationContextEnabled=true, browserName=firefox, takesScreenshot=true, javascriptEnabled=true, cssSelectorsEnabled=true}]
Session ID: 4f212293-c9c6-4a5c-90a8-3848cfb387bb
*** Element info: {Using=xpath, value=.//*[@id='Content']/div[1]/div[2]/div/div/div/ul/li[12]/div[1]/a);}
	at sun.reflect.NativeConstructorAccessorImpl.newInstance0(Native Method)
	at sun.reflect.NativeConstructorAccessorImpl.newInstance(NativeConstructorAccessorImpl.java:62)
	at sun.reflect.DelegatingConstructorAccessorImpl.newInstance(DelegatingConstructorAccessorImpl.java:45)
	at java.lang.reflect.Constructor.newInstance(Constructor.java:422)
	at org.openqa.selenium.remote.ErrorHandler.createThrowable(ErrorHandler.java:206)
	at org.openqa.selenium.remote.ErrorHandler.throwIfResponseFailed(ErrorHandler.java:158)
	at org.openqa.selenium.remote.RemoteWebDriver.execute(RemoteWebDriver.java:678)
	at org.openqa.selenium.remote.RemoteWebDriver.findElement(RemoteWebDriver.java:363)
	at org.openqa.selenium.remote.RemoteWebDriver.findElementByXPath(RemoteWebDriver.java:500)
	at org.openqa.selenium.By$ByXPath.findElement(By.java:361)
	at org.openqa.selenium.remote.RemoteWebDriver.findElement(RemoteWebDriver.java:355)
	at utils.WebElementsActions.clickElement(WebElementsActions.java:117)
	at utils.WebElementsActions.moveToElementAndClick(WebElementsActions.java:184)
	at pages.HomePage.switchToInspirationPage(HomePage.java:486)
	at tests.product_page.ProductPageTests.test12_inspirationPage(ProductPageTests.java:241)
	at sun.reflect.NativeMethodAccessorImpl.invoke0(Native Method)
	at sun.reflect.NativeMethodAccessorImpl.invoke(NativeMethodAccessorImpl.java:62)
	at sun.reflect.DelegatingMethodAccessorImpl.invoke(DelegatingMethodAccessorImpl.java:43)
	at java.lang.reflect.Method.invoke(Method.java:497)
	at org.testng.internal.MethodInvocationHelper.invokeMethod(MethodInvocationHelper.java:84)
	at org.testng.internal.Invoker.invokeMethod(Invoker.java:714)
	at org.testng.internal.Invoker.invokeTestMethod(Invoker.java:901)
	at org.testng.internal.Invoker.invokeTestMethods(Invoker.java:1231)
	at org.testng.internal.TestMethodWorker.invokeTestMethods(TestMethodWorker.java:127)
	at org.testng.internal.TestMethodWorker.run(TestMethodWorker.java:111)
	at org.testng.TestRunner.privateRun(TestRunner.java:767)
	at org.testng.TestRunner.run(TestRunner.java:617)
	at org.testng.SuiteRunner.runTest(SuiteRunner.java:348)
	at org.testng.SuiteRunner.runSequentially(SuiteRunner.java:343)
	at org.testng.SuiteRunner.privateRun(SuiteRunner.java:305)
	at org.testng.SuiteRunner.run(SuiteRunner.java:254)
	at org.testng.SuiteRunnerWorker.runSuite(SuiteRunnerWorker.java:52)
	at org.testng.SuiteRunnerWorker.run(SuiteRunnerWorker.java:86)
	at org.testng.TestNG.runSuitesSequentially(TestNG.java:1224)
	at org.testng.TestNG.runSuitesSequentially(TestNG.java:1220)
	at org.testng.TestNG.runSuitesLocally(TestNG.java:1149)
	at org.testng.TestNG.run(TestNG.java:1057)
	at org.apache.maven.surefire.testng.TestNGExecutor.run(TestNGExecutor.java:293)
	at org.apache.maven.surefire.testng.TestNGXmlTestSuite.execute(TestNGXmlTestSuite.java:84)
	at org.apache.maven.surefire.testng.TestNGProvider.invoke(TestNGProvider.java:91)
	at org.apache.maven.surefire.booter.ForkedBooter.invokeProviderInSameClassLoader(ForkedBooter.java:200)
	at org.apache.maven.surefire.booter.ForkedBooter.runSuitesInProcess(ForkedBooter.java:153)
	at org.apache.maven.surefire.booter.ForkedBooter.main(ForkedBooter.java:103)
Caused by: org.openqa.selenium.InvalidSelectorException: The given selector .//*[@id='Content']/div[1]/div[2]/div/div/div/ul/li[12]/div[1]/a); is either invalid or does not result in a WebElement. The following error occurred:
InvalidSelectorError: Unable to locate an element with the xpath expression .//*[@id='Content']/div[1]/div[2]/div/div/div/ul/li[12]/div[1]/a); because of the following error:
SyntaxError: The expression is not a legal expression.
For documentation on this error, please visit: http://seleniumhq.org/exceptions/invalid_selector_exception.html
Build info: version: '2.51.0', revision: '1af067dbcaedd7d2ab9af5151fc471d363d97193', time: '2016-02-05 11:20:57'
System info: host: 'alexace-pc', ip: '127.0.1.1', os.name: 'Linux', os.arch: 'amd64', os.version: '3.13.0-77-generic', java.version: '1.8.0_60'
Driver info: driver.version: unknown
	at <anonymous class>.FirefoxDriver.annotateInvalidSelectorError_(file:///tmp/anonymous5567819272227032340webdriver-profile/extensions/fxdriver@googlecode.com/components/driver-component.js:10697)
	at <anonymous class>.FirefoxDriver.prototype.findElementInternal_(file:///tmp/anonymous5567819272227032340webdriver-profile/extensions/fxdriver@googlecode.com/components/driver-component.js:10728)
	at <anonymous class>.FirefoxDriver.prototype.findElement(file:///tmp/anonymous5567819272227032340webdriver-profile/extensions/fxdriver@googlecode.com/components/driver-component.js:10732)
	at <anonymous class>.DelayedCommand.prototype.executeInternal_/h(file:///tmp/anonymous5567819272227032340webdriver-profile/extensions/fxdriver@googlecode.com/components/command-processor.js:12602)
	at <anonymous class>.DelayedCommand.prototype.executeInternal_(file:///tmp/anonymous5567819272227032340webdriver-profile/extensions/fxdriver@googlecode.com/components/command-processor.js:12607)
	at <anonymous class>.DelayedCommand.prototype.execute/<(file:///tmp/anonymous5567819272227032340webdriver-profile/extensions/fxdriver@googlecode.com/components/command-processor.js:12549)
]]>
            </full-stacktrace>
          </exception> <!-- org.openqa.selenium.InvalidSelectorException -->
          <reporter-output>
          </reporter-output>
        </test-method> <!-- test12_inspirationPage -->
        <test-method status="PASS" signature="test13_resorPage()[pri:0, instance:tests.product_page.ProductPageTests@8bd1b6a]" name="test13_resorPage" duration-ms="12934" started-at="2016-02-11T18:20:56Z" finished-at="2016-02-11T18:21:09Z">
          <reporter-output>
          </reporter-output>
        </test-method> <!-- test13_resorPage -->
        <test-method status="PASS" signature="tearDown()[pri:0, instance:tests.product_page.ProductPageTests@8bd1b6a]" name="tearDown" is-config="true" duration-ms="1" started-at="2016-02-11T18:21:09Z" finished-at="2016-02-11T18:21:09Z">
          <reporter-output>
          </reporter-output>
        </test-method> <!-- tearDown -->
        <test-method status="PASS" signature="quitBrowser()[pri:0, instance:tests.product_page.ProductPageTests@8bd1b6a]" name="quitBrowser" is-config="true" duration-ms="123" started-at="2016-02-11T18:21:09Z" finished-at="2016-02-11T18:21:10Z">
          <reporter-output>
          </reporter-output>
        </test-method> <!-- quitBrowser -->
      </class> <!-- tests.product_page.ProductPageTests -->
      <class name="tests.registration.RegistrationTests">
        <test-method status="PASS" signature="setUp()[pri:0, instance:tests.registration.RegistrationTests@5b275dab]" name="setUp" is-config="true" duration-ms="1289" started-at="2016-02-11T18:16:22Z" finished-at="2016-02-11T18:16:23Z">
          <reporter-output>
          </reporter-output>
        </test-method> <!-- setUp -->
        <test-method status="FAIL" signature="test1_positiveRegistration()[pri:0, instance:tests.registration.RegistrationTests@5b275dab]" name="test1_positiveRegistration" duration-ms="4811" started-at="2016-02-11T18:16:23Z" finished-at="2016-02-11T18:16:28Z">
          <exception class="org.openqa.selenium.WebDriverException">
            <message>
              <![CDATA[Element is not clickable at point (828, 639). Other element would receive the click: <ul class="quick-links-list-2"></ul>
Command duration or timeout: 69 milliseconds
Build info: version: '2.51.0', revision: '1af067dbcaedd7d2ab9af5151fc471d363d97193', time: '2016-02-05 11:20:57'
System info: host: 'alexace-pc', ip: '127.0.1.1', os.name: 'Linux', os.arch: 'amd64', os.version: '3.13.0-77-generic', java.version: '1.8.0_60'
Driver info: org.openqa.selenium.firefox.FirefoxDriver
Capabilities [{applicationCacheEnabled=true, rotatable=false, handlesAlerts=true, databaseEnabled=true, version=44.0.1, platform=LINUX, nativeEvents=false, acceptSslCerts=true, webStorageEnabled=true, locationContextEnabled=true, browserName=firefox, takesScreenshot=true, javascriptEnabled=true, cssSelectorsEnabled=true}]
Session ID: 4f212293-c9c6-4a5c-90a8-3848cfb387bb]]>
            </message>
            <full-stacktrace>
              <![CDATA[org.openqa.selenium.WebDriverException: Element is not clickable at point (828, 639). Other element would receive the click: <ul class="quick-links-list-2"></ul>
Command duration or timeout: 69 milliseconds
Build info: version: '2.51.0', revision: '1af067dbcaedd7d2ab9af5151fc471d363d97193', time: '2016-02-05 11:20:57'
System info: host: 'alexace-pc', ip: '127.0.1.1', os.name: 'Linux', os.arch: 'amd64', os.version: '3.13.0-77-generic', java.version: '1.8.0_60'
Driver info: org.openqa.selenium.firefox.FirefoxDriver
Capabilities [{applicationCacheEnabled=true, rotatable=false, handlesAlerts=true, databaseEnabled=true, version=44.0.1, platform=LINUX, nativeEvents=false, acceptSslCerts=true, webStorageEnabled=true, locationContextEnabled=true, browserName=firefox, takesScreenshot=true, javascriptEnabled=true, cssSelectorsEnabled=true}]
Session ID: 4f212293-c9c6-4a5c-90a8-3848cfb387bb
	at sun.reflect.NativeConstructorAccessorImpl.newInstance0(Native Method)
	at sun.reflect.NativeConstructorAccessorImpl.newInstance(NativeConstructorAccessorImpl.java:62)
	at sun.reflect.DelegatingConstructorAccessorImpl.newInstance(DelegatingConstructorAccessorImpl.java:45)
	at java.lang.reflect.Constructor.newInstance(Constructor.java:422)
	at org.openqa.selenium.remote.ErrorHandler.createThrowable(ErrorHandler.java:206)
	at org.openqa.selenium.remote.ErrorHandler.throwIfResponseFailed(ErrorHandler.java:158)
	at org.openqa.selenium.remote.RemoteWebDriver.execute(RemoteWebDriver.java:678)
	at org.openqa.selenium.remote.RemoteWebElement.execute(RemoteWebElement.java:327)
	at org.openqa.selenium.remote.RemoteWebElement.click(RemoteWebElement.java:85)
	at utils.WebElementsActions.clickElement(WebElementsActions.java:117)
	at pages.RegistrationPage.clickButtonRegistration(RegistrationPage.java:213)
	at tests.registration.RegistrationTests.test1_positiveRegistration(RegistrationTests.java:42)
	at sun.reflect.NativeMethodAccessorImpl.invoke0(Native Method)
	at sun.reflect.NativeMethodAccessorImpl.invoke(NativeMethodAccessorImpl.java:62)
	at sun.reflect.DelegatingMethodAccessorImpl.invoke(DelegatingMethodAccessorImpl.java:43)
	at java.lang.reflect.Method.invoke(Method.java:497)
	at org.testng.internal.MethodInvocationHelper.invokeMethod(MethodInvocationHelper.java:84)
	at org.testng.internal.Invoker.invokeMethod(Invoker.java:714)
	at org.testng.internal.Invoker.invokeTestMethod(Invoker.java:901)
	at org.testng.internal.Invoker.invokeTestMethods(Invoker.java:1231)
	at org.testng.internal.TestMethodWorker.invokeTestMethods(TestMethodWorker.java:127)
	at org.testng.internal.TestMethodWorker.run(TestMethodWorker.java:111)
	at org.testng.TestRunner.privateRun(TestRunner.java:767)
	at org.testng.TestRunner.run(TestRunner.java:617)
	at org.testng.SuiteRunner.runTest(SuiteRunner.java:348)
	at org.testng.SuiteRunner.runSequentially(SuiteRunner.java:343)
	at org.testng.SuiteRunner.privateRun(SuiteRunner.java:305)
	at org.testng.SuiteRunner.run(SuiteRunner.java:254)
	at org.testng.SuiteRunnerWorker.runSuite(SuiteRunnerWorker.java:52)
	at org.testng.SuiteRunnerWorker.run(SuiteRunnerWorker.java:86)
	at org.testng.TestNG.runSuitesSequentially(TestNG.java:1224)
	at org.testng.TestNG.runSuitesSequentially(TestNG.java:1220)
	at org.testng.TestNG.runSuitesLocally(TestNG.java:1149)
	at org.testng.TestNG.run(TestNG.java:1057)
	at org.apache.maven.surefire.testng.TestNGExecutor.run(TestNGExecutor.java:293)
	at org.apache.maven.surefire.testng.TestNGXmlTestSuite.execute(TestNGXmlTestSuite.java:84)
	at org.apache.maven.surefire.testng.TestNGProvider.invoke(TestNGProvider.java:91)
	at org.apache.maven.surefire.booter.ForkedBooter.invokeProviderInSameClassLoader(ForkedBooter.java:200)
	at org.apache.maven.surefire.booter.ForkedBooter.runSuitesInProcess(ForkedBooter.java:153)
	at org.apache.maven.surefire.booter.ForkedBooter.main(ForkedBooter.java:103)
]]>
            </full-stacktrace>
          </exception> <!-- org.openqa.selenium.WebDriverException -->
          <reporter-output>
          </reporter-output>
        </test-method> <!-- test1_positiveRegistration -->
        <test-method status="PASS" signature="test2_negativeOnlyFirstEmailField()[pri:0, instance:tests.registration.RegistrationTests@5b275dab]" name="test2_negativeOnlyFirstEmailField" duration-ms="4189" started-at="2016-02-11T18:16:28Z" finished-at="2016-02-11T18:16:32Z">
          <reporter-output>
          </reporter-output>
        </test-method> <!-- test2_negativeOnlyFirstEmailField -->
        <test-method status="PASS" signature="test3_negativeOnlySecondEmailField()[pri:0, instance:tests.registration.RegistrationTests@5b275dab]" name="test3_negativeOnlySecondEmailField" duration-ms="4425" started-at="2016-02-11T18:16:32Z" finished-at="2016-02-11T18:16:37Z">
          <reporter-output>
          </reporter-output>
        </test-method> <!-- test3_negativeOnlySecondEmailField -->
        <test-method status="PASS" signature="test4_negativeOnlyFirstPassField()[pri:0, instance:tests.registration.RegistrationTests@5b275dab]" name="test4_negativeOnlyFirstPassField" duration-ms="4078" started-at="2016-02-11T18:16:37Z" finished-at="2016-02-11T18:16:41Z">
          <reporter-output>
          </reporter-output>
        </test-method> <!-- test4_negativeOnlyFirstPassField -->
        <test-method status="PASS" signature="test5_negativeOnlySecondPassField()[pri:0, instance:tests.registration.RegistrationTests@5b275dab]" name="test5_negativeOnlySecondPassField" duration-ms="4307" started-at="2016-02-11T18:16:41Z" finished-at="2016-02-11T18:16:45Z">
          <reporter-output>
          </reporter-output>
        </test-method> <!-- test5_negativeOnlySecondPassField -->
        <test-method status="PASS" signature="test6_negativeOnlyEmailFields()[pri:0, instance:tests.registration.RegistrationTests@5b275dab]" name="test6_negativeOnlyEmailFields" duration-ms="4060" started-at="2016-02-11T18:16:45Z" finished-at="2016-02-11T18:16:49Z">
          <reporter-output>
          </reporter-output>
        </test-method> <!-- test6_negativeOnlyEmailFields -->
        <test-method status="PASS" signature="test7_negativeOnlyPassFields()[pri:0, instance:tests.registration.RegistrationTests@5b275dab]" name="test7_negativeOnlyPassFields" duration-ms="3963" started-at="2016-02-11T18:16:49Z" finished-at="2016-02-11T18:16:53Z">
          <reporter-output>
          </reporter-output>
        </test-method> <!-- test7_negativeOnlyPassFields -->
        <test-method status="PASS" signature="test8_negativeFirstPassFieldEmpty()[pri:0, instance:tests.registration.RegistrationTests@5b275dab]" name="test8_negativeFirstPassFieldEmpty" duration-ms="4130" started-at="2016-02-11T18:16:53Z" finished-at="2016-02-11T18:16:57Z">
          <reporter-output>
          </reporter-output>
        </test-method> <!-- test8_negativeFirstPassFieldEmpty -->
        <test-method status="PASS" signature="test9_negativeSecondPassFieldEmpty()[pri:0, instance:tests.registration.RegistrationTests@5b275dab]" name="test9_negativeSecondPassFieldEmpty" duration-ms="4081" started-at="2016-02-11T18:16:57Z" finished-at="2016-02-11T18:17:01Z">
          <reporter-output>
          </reporter-output>
        </test-method> <!-- test9_negativeSecondPassFieldEmpty -->
        <test-method status="PASS" signature="test10_negativeFirstEmailFieldEmpty()[pri:0, instance:tests.registration.RegistrationTests@5b275dab]" name="test10_negativeFirstEmailFieldEmpty" duration-ms="3887" started-at="2016-02-11T18:17:01Z" finished-at="2016-02-11T18:17:05Z">
          <reporter-output>
          </reporter-output>
        </test-method> <!-- test10_negativeFirstEmailFieldEmpty -->
        <test-method status="PASS" signature="test11_negativeSecondEmailFieldEmpty()[pri:0, instance:tests.registration.RegistrationTests@5b275dab]" name="test11_negativeSecondEmailFieldEmpty" duration-ms="4116" started-at="2016-02-11T18:17:05Z" finished-at="2016-02-11T18:17:09Z">
          <reporter-output>
          </reporter-output>
        </test-method> <!-- test11_negativeSecondEmailFieldEmpty -->
        <test-method status="PASS" signature="test12_negativeVariousEmailAddress()[pri:0, instance:tests.registration.RegistrationTests@5b275dab]" name="test12_negativeVariousEmailAddress" duration-ms="4739" started-at="2016-02-11T18:17:09Z" finished-at="2016-02-11T18:17:14Z">
          <reporter-output>
          </reporter-output>
        </test-method> <!-- test12_negativeVariousEmailAddress -->
        <test-method status="PASS" signature="test13_negativeVariousPassFields()[pri:0, instance:tests.registration.RegistrationTests@5b275dab]" name="test13_negativeVariousPassFields" duration-ms="4821" started-at="2016-02-11T18:17:14Z" finished-at="2016-02-11T18:17:19Z">
          <reporter-output>
          </reporter-output>
        </test-method> <!-- test13_negativeVariousPassFields -->
        <test-method status="PASS" signature="tearDown()[pri:0, instance:tests.registration.RegistrationTests@5b275dab]" name="tearDown" is-config="true" duration-ms="0" started-at="2016-02-11T18:17:19Z" finished-at="2016-02-11T18:17:19Z">
          <reporter-output>
          </reporter-output>
        </test-method> <!-- tearDown -->
      </class> <!-- tests.registration.RegistrationTests -->
      <class name="tests.login.LoginTests">
        <test-method status="PASS" signature="setUp()[pri:0, instance:tests.login.LoginTests@61832929]" name="setUp" is-config="true" duration-ms="8444" started-at="2016-02-11T18:15:48Z" finished-at="2016-02-11T18:15:56Z">
          <reporter-output>
          </reporter-output>
        </test-method> <!-- setUp -->
        <test-method status="PASS" signature="test1_positiveLogin()[pri:0, instance:tests.login.LoginTests@61832929]" name="test1_positiveLogin" duration-ms="12851" started-at="2016-02-11T18:15:56Z" finished-at="2016-02-11T18:16:09Z">
          <reporter-output>
          </reporter-output>
        </test-method> <!-- test1_positiveLogin -->
        <test-method status="PASS" signature="test2_incorrectLogin()[pri:0, instance:tests.login.LoginTests@61832929]" name="test2_incorrectLogin" duration-ms="4418" started-at="2016-02-11T18:16:09Z" finished-at="2016-02-11T18:16:14Z">
          <reporter-output>
          </reporter-output>
        </test-method> <!-- test2_incorrectLogin -->
        <test-method status="PASS" signature="test3_incorrectPassField()[pri:0, instance:tests.login.LoginTests@61832929]" name="test3_incorrectPassField" duration-ms="2455" started-at="2016-02-11T18:16:14Z" finished-at="2016-02-11T18:16:16Z">
          <reporter-output>
          </reporter-output>
        </test-method> <!-- test3_incorrectPassField -->
        <test-method status="PASS" signature="test4_emptyEmailAndPassFields()[pri:0, instance:tests.login.LoginTests@61832929]" name="test4_emptyEmailAndPassFields" duration-ms="1566" started-at="2016-02-11T18:16:16Z" finished-at="2016-02-11T18:16:18Z">
          <reporter-output>
          </reporter-output>
        </test-method> <!-- test4_emptyEmailAndPassFields -->
        <test-method status="PASS" signature="test5_emptyEmailField()[pri:0, instance:tests.login.LoginTests@61832929]" name="test5_emptyEmailField" duration-ms="2689" started-at="2016-02-11T18:16:18Z" finished-at="2016-02-11T18:16:20Z">
          <reporter-output>
          </reporter-output>
        </test-method> <!-- test5_emptyEmailField -->
        <test-method status="PASS" signature="test6_emptyPassField()[pri:0, instance:tests.login.LoginTests@61832929]" name="test6_emptyPassField" duration-ms="1752" started-at="2016-02-11T18:16:20Z" finished-at="2016-02-11T18:16:22Z">
          <reporter-output>
          </reporter-output>
        </test-method> <!-- test6_emptyPassField -->
        <test-method status="PASS" signature="tearDown()[pri:0, instance:tests.login.LoginTests@61832929]" name="tearDown" is-config="true" duration-ms="1" started-at="2016-02-11T18:16:22Z" finished-at="2016-02-11T18:16:22Z">
          <reporter-output>
          </reporter-output>
        </test-method> <!-- tearDown -->
      </class> <!-- tests.login.LoginTests -->
    </test> <!-- Functional -->
  </suite> <!-- FunctionalSuite -->
</testng-results>
