<?xml version="1.0" encoding="UTF-8"?>
<testsuite name="TestSuite" time="310.734" tests="32" errors="0" skipped="0" failures="2">
  <properties>
    <property name="idea.version" value="15.0.3"/>
    <property name="java.runtime.name" value="Java(TM) SE Runtime Environment"/>
    <property name="sun.boot.library.path" value="/opt/java/jdk1.8.0_60/jre/lib/amd64"/>
    <property name="java.vm.version" value="25.60-b23"/>
    <property name="java.vm.vendor" value="Oracle Corporation"/>
    <property name="java.vendor.url" value="http://java.oracle.com/"/>
    <property name="path.separator" value=":"/>
    <property name="guice.disable.misplaced.annotation.check" value="true"/>
    <property name="java.vm.name" value="Java HotSpot(TM) 64-Bit Server VM"/>
    <property name="file.encoding.pkg" value="sun.io"/>
    <property name="idea.launcher.port" value="7533"/>
    <property name="user.country" value="UA"/>
    <property name="sun.java.launcher" value="SUN_STANDARD"/>
    <property name="sun.os.patch.level" value="unknown"/>
    <property name="java.vm.specification.name" value="Java Virtual Machine Specification"/>
    <property name="user.dir" value="/media/alexander/HDD/Workspace/Projects/QA/qa_course_maven/qa_maven"/>
    <property name="java.runtime.version" value="1.8.0_60-b27"/>
    <property name="java.awt.graphicsenv" value="sun.awt.X11GraphicsEnvironment"/>
    <property name="java.endorsed.dirs" value="/opt/java/jdk1.8.0_60/jre/lib/endorsed"/>
    <property name="os.arch" value="amd64"/>
    <property name="java.io.tmpdir" value="/tmp"/>
    <property name="line.separator" value="&#10;"/>
    <property name="java.vm.specification.vendor" value="Oracle Corporation"/>
    <property name="os.name" value="Linux"/>
    <property name="classworlds.conf" value="/opt/idea-IC-143.1821.5/plugins/maven/lib/maven3/bin/m2.conf"/>
    <property name="sun.jnu.encoding" value="UTF-8"/>
    <property name="java.library.path" value="/opt/idea-IC-143.1821.5/bin::/usr/java/packages/lib/amd64:/usr/lib64:/lib64:/lib:/usr/lib"/>
    <property name="java.specification.name" value="Java Platform API Specification"/>
    <property name="java.class.version" value="52.0"/>
    <property name="sun.management.compiler" value="HotSpot 64-Bit Tiered Compilers"/>
    <property name="os.version" value="3.13.0-77-generic"/>
    <property name="user.home" value="/home/alexander"/>
    <property name="user.timezone" value="Europe/Kiev"/>
    <property name="java.awt.printerjob" value="sun.print.PSPrinterJob"/>
    <property name="java.specification.version" value="1.8"/>
    <property name="idea.launcher.bin.path" value="/opt/idea-IC-143.1821.5/bin"/>
    <property name="file.encoding" value="UTF-8"/>
    <property name="user.name" value="alexander"/>
    <property name="java.class.path" value="/opt/idea-IC-143.1821.5/plugins/maven/lib/maven3/boot/plexus-classworlds-2.4.jar:/opt/idea-IC-143.1821.5/lib/idea_rt.jar"/>
    <property name="java.vm.specification.version" value="1.8"/>
    <property name="sun.arch.data.model" value="64"/>
    <property name="java.home" value="/opt/java/jdk1.8.0_60/jre"/>
    <property name="sun.java.command" value="com.intellij.rt.execution.application.AppMain org.codehaus.classworlds.Launcher -Didea.version=15.0.3 test -P firefox"/>
    <property name="java.specification.vendor" value="Oracle Corporation"/>
    <property name="user.language" value="ru"/>
    <property name="awt.toolkit" value="sun.awt.X11.XToolkit"/>
    <property name="java.vm.info" value="mixed mode"/>
    <property name="java.version" value="1.8.0_60"/>
    <property name="java.ext.dirs" value="/opt/java/jdk1.8.0_60/jre/lib/ext:/usr/java/packages/lib/ext"/>
    <property name="securerandom.source" value="file:/dev/./urandom"/>
    <property name="sun.boot.class.path" value="/opt/java/jdk1.8.0_60/jre/lib/resources.jar:/opt/java/jdk1.8.0_60/jre/lib/rt.jar:/opt/java/jdk1.8.0_60/jre/lib/sunrsasign.jar:/opt/java/jdk1.8.0_60/jre/lib/jsse.jar:/opt/java/jdk1.8.0_60/jre/lib/jce.jar:/opt/java/jdk1.8.0_60/jre/lib/charsets.jar:/opt/java/jdk1.8.0_60/jre/lib/jfr.jar:/opt/java/jdk1.8.0_60/jre/classes"/>
    <property name="java.vendor" value="Oracle Corporation"/>
    <property name="maven.home" value="/opt/idea-IC-143.1821.5/plugins/maven/lib/maven3"/>
    <property name="file.separator" value="/"/>
    <property name="java.vendor.url.bug" value="http://bugreport.sun.com/bugreport/"/>
    <property name="sun.cpu.endian" value="little"/>
    <property name="sun.io.unicode.encoding" value="UnicodeLittle"/>
    <property name="sun.desktop" value="gnome"/>
    <property name="sun.cpu.isalist" value=""/>
  </properties>
  <testcase name="test1_positiveLogin" classname="tests.login.LoginTests" time="12.851"/>
  <testcase name="test2_incorrectLogin" classname="tests.login.LoginTests" time="4.416"/>
  <testcase name="test3_incorrectPassField" classname="tests.login.LoginTests" time="2.455"/>
  <testcase name="test4_emptyEmailAndPassFields" classname="tests.login.LoginTests" time="1.564"/>
  <testcase name="test5_emptyEmailField" classname="tests.login.LoginTests" time="2.689"/>
  <testcase name="test6_emptyPassField" classname="tests.login.LoginTests" time="1.752"/>
  <testcase name="test1_positiveRegistration" classname="tests.registration.RegistrationTests" time="4.819">
    <failure message="Element is not clickable at point (828, 639). Other element would receive the click: &lt;ul class=&quot;quick-links-list-2&quot;&gt;&lt;/ul&gt;&#10;Command duration or timeout: 69 milliseconds&#10;Build info: version: &apos;2.51.0&apos;, revision: &apos;1af067dbcaedd7d2ab9af5151fc471d363d97193&apos;, time: &apos;2016-02-05 11:20:57&apos;&#10;System info: host: &apos;alexace-pc&apos;, ip: &apos;127.0.1.1&apos;, os.name: &apos;Linux&apos;, os.arch: &apos;amd64&apos;, os.version: &apos;3.13.0-77-generic&apos;, java.version: &apos;1.8.0_60&apos;&#10;Driver info: org.openqa.selenium.firefox.FirefoxDriver&#10;Capabilities [{applicationCacheEnabled=true, rotatable=false, handlesAlerts=true, databaseEnabled=true, version=44.0.1, platform=LINUX, nativeEvents=false, acceptSslCerts=true, webStorageEnabled=true, locationContextEnabled=true, browserName=firefox, takesScreenshot=true, javascriptEnabled=true, cssSelectorsEnabled=true}]&#10;Session ID: 4f212293-c9c6-4a5c-90a8-3848cfb387bb" type="org.openqa.selenium.WebDriverException"><![CDATA[org.openqa.selenium.WebDriverException: Element is not clickable at point (828, 639). Other element would receive the click: <ul class="quick-links-list-2"></ul>
Command duration or timeout: 69 milliseconds
Build info: version: '2.51.0', revision: '1af067dbcaedd7d2ab9af5151fc471d363d97193', time: '2016-02-05 11:20:57'
System info: host: 'alexace-pc', ip: '127.0.1.1', os.name: 'Linux', os.arch: 'amd64', os.version: '3.13.0-77-generic', java.version: '1.8.0_60'
Driver info: org.openqa.selenium.firefox.FirefoxDriver
Capabilities [{applicationCacheEnabled=true, rotatable=false, handlesAlerts=true, databaseEnabled=true, version=44.0.1, platform=LINUX, nativeEvents=false, acceptSslCerts=true, webStorageEnabled=true, locationContextEnabled=true, browserName=firefox, takesScreenshot=true, javascriptEnabled=true, cssSelectorsEnabled=true}]
Session ID: 4f212293-c9c6-4a5c-90a8-3848cfb387bb
	at sun.reflect.NativeConstructorAccessorImpl.newInstance0(Native Method)
	at sun.reflect.NativeConstructorAccessorImpl.newInstance(NativeConstructorAccessorImpl.java:62)
	at sun.reflect.DelegatingConstructorAccessorImpl.newInstance(DelegatingConstructorAccessorImpl.java:45)
	at java.lang.reflect.Constructor.newInstance(Constructor.java:422)
	at org.openqa.selenium.remote.ErrorHandler.createThrowable(ErrorHandler.java:206)
	at org.openqa.selenium.remote.ErrorHandler.throwIfResponseFailed(ErrorHandler.java:158)
	at org.openqa.selenium.remote.RemoteWebDriver.execute(RemoteWebDriver.java:678)
	at org.openqa.selenium.remote.RemoteWebElement.execute(RemoteWebElement.java:327)
	at org.openqa.selenium.remote.RemoteWebElement.click(RemoteWebElement.java:85)
	at utils.WebElementsActions.clickElement(WebElementsActions.java:117)
	at pages.RegistrationPage.clickButtonRegistration(RegistrationPage.java:213)
	at tests.registration.RegistrationTests.test1_positiveRegistration(RegistrationTests.java:42)
]]></failure>
    <system-out><![CDATA[end login tests
browser open page: http://www.ellos.se/
start registration tests

test1_positiveRegistration

< buttonBlurb > not present on page.
click on link < loginLink >
click element < registrationEmailMain >
clear element < registrationEmailMain >
input < registrationEmailMain > and send < Test_user-38459191@gmail.com >
click and input Test_user-38459191@gmail.com in email field
click element < registrationEmailRepeat >
clear element < registrationEmailRepeat >
input < registrationEmailRepeat > and send < Test_user-38459191@gmail.com >
press TAB
click and input Test_user-38459191@gmail.com in email field repeat and click TAB
click element < registrationPassMain >
clear element < registrationPassMain >
input < registrationPassMain > and send < qwerty12345 >
press TAB
click and input qwerty12345 in password field and click TAB
click element < registrationPassRepeat >
clear element < registrationPassRepeat >
clear < registrationPassRepeat > and send < qwerty12345 > and click ENTER.
click and input qwerty12345 password field repeat
]]></system-out>
  </testcase>
  <testcase name="test2_negativeOnlyFirstEmailField" classname="tests.registration.RegistrationTests" time="4.188"/>
  <testcase name="test3_negativeOnlySecondEmailField" classname="tests.registration.RegistrationTests" time="4.425"/>
  <testcase name="test4_negativeOnlyFirstPassField" classname="tests.registration.RegistrationTests" time="4.077"/>
  <testcase name="test5_negativeOnlySecondPassField" classname="tests.registration.RegistrationTests" time="4.307"/>
  <testcase name="test6_negativeOnlyEmailFields" classname="tests.registration.RegistrationTests" time="4.061"/>
  <testcase name="test7_negativeOnlyPassFields" classname="tests.registration.RegistrationTests" time="3.963"/>
  <testcase name="test8_negativeFirstPassFieldEmpty" classname="tests.registration.RegistrationTests" time="4.13"/>
  <testcase name="test9_negativeSecondPassFieldEmpty" classname="tests.registration.RegistrationTests" time="4.081"/>
  <testcase name="test10_negativeFirstEmailFieldEmpty" classname="tests.registration.RegistrationTests" time="3.886"/>
  <testcase name="test11_negativeSecondEmailFieldEmpty" classname="tests.registration.RegistrationTests" time="4.116"/>
  <testcase name="test12_negativeVariousEmailAddress" classname="tests.registration.RegistrationTests" time="4.739"/>
  <testcase name="test13_negativeVariousPassFields" classname="tests.registration.RegistrationTests" time="4.822"/>
  <testcase name="test1_womanProductPage" classname="tests.product_page.ProductPageTests" time="15.377"/>
  <testcase name="test2_manProductPage" classname="tests.product_page.ProductPageTests" time="35.812"/>
  <testcase name="test3_barnProductPage" classname="tests.product_page.ProductPageTests" time="15.957"/>
  <testcase name="test4_sportProductPage" classname="tests.product_page.ProductPageTests" time="13.399"/>
  <testcase name="test5_linenAndBathPage" classname="tests.product_page.ProductPageTests" time="29.804"/>
  <testcase name="test6_footwearPage" classname="tests.product_page.ProductPageTests" time="12.371"/>
  <testcase name="test7_hemPage" classname="tests.product_page.ProductPageTests" time="13.569"/>
  <testcase name="test8_electronicPage" classname="tests.product_page.ProductPageTests" time="27.279"/>
  <testcase name="test9_beautyAndHealthPage" classname="tests.product_page.ProductPageTests" time="27.302"/>
  <testcase name="test10_plusPage" classname="tests.product_page.ProductPageTests" time="12.16"/>
  <testcase name="test11_reaPage" classname="tests.product_page.ProductPageTests" time="13.332"/>
  <testcase name="test12_inspirationPage" classname="tests.product_page.ProductPageTests" time="0.098">
    <failure message="The given selector .//*[@id=&apos;Content&apos;]/div[1]/div[2]/div/div/div/ul/li[12]/div[1]/a); is either invalid or does not result in a WebElement. The following error occurred:&#10;InvalidSelectorError: Unable to locate an element with the xpath expression .//*[@id=&apos;Content&apos;]/div[1]/div[2]/div/div/div/ul/li[12]/div[1]/a); because of the following error:&#10;SyntaxError: The expression is not a legal expression.&#10;Command duration or timeout: 20 milliseconds&#10;For documentation on this error, please visit: http://seleniumhq.org/exceptions/invalid_selector_exception.html&#10;Build info: version: &apos;2.51.0&apos;, revision: &apos;1af067dbcaedd7d2ab9af5151fc471d363d97193&apos;, time: &apos;2016-02-05 11:20:57&apos;&#10;System info: host: &apos;alexace-pc&apos;, ip: &apos;127.0.1.1&apos;, os.name: &apos;Linux&apos;, os.arch: &apos;amd64&apos;, os.version: &apos;3.13.0-77-generic&apos;, java.version: &apos;1.8.0_60&apos;&#10;Driver info: org.openqa.selenium.firefox.FirefoxDriver&#10;Capabilities [{applicationCacheEnabled=true, rotatable=false, handlesAlerts=true, databaseEnabled=true, version=44.0.1, platform=LINUX, nativeEvents=false, acceptSslCerts=true, webStorageEnabled=true, locationContextEnabled=true, browserName=firefox, takesScreenshot=true, javascriptEnabled=true, cssSelectorsEnabled=true}]&#10;Session ID: 4f212293-c9c6-4a5c-90a8-3848cfb387bb&#10;*** Element info: {Using=xpath, value=.//*[@id=&apos;Content&apos;]/div[1]/div[2]/div/div/div/ul/li[12]/div[1]/a);}" type="org.openqa.selenium.InvalidSelectorException"><![CDATA[org.openqa.selenium.InvalidSelectorException: The given selector .//*[@id='Content']/div[1]/div[2]/div/div/div/ul/li[12]/div[1]/a); is either invalid or does not result in a WebElement. The following error occurred:
InvalidSelectorError: Unable to locate an element with the xpath expression .//*[@id='Content']/div[1]/div[2]/div/div/div/ul/li[12]/div[1]/a); because of the following error:
SyntaxError: The expression is not a legal expression.
Command duration or timeout: 20 milliseconds
For documentation on this error, please visit: http://seleniumhq.org/exceptions/invalid_selector_exception.html
Build info: version: '2.51.0', revision: '1af067dbcaedd7d2ab9af5151fc471d363d97193', time: '2016-02-05 11:20:57'
System info: host: 'alexace-pc', ip: '127.0.1.1', os.name: 'Linux', os.arch: 'amd64', os.version: '3.13.0-77-generic', java.version: '1.8.0_60'
Driver info: org.openqa.selenium.firefox.FirefoxDriver
Capabilities [{applicationCacheEnabled=true, rotatable=false, handlesAlerts=true, databaseEnabled=true, version=44.0.1, platform=LINUX, nativeEvents=false, acceptSslCerts=true, webStorageEnabled=true, locationContextEnabled=true, browserName=firefox, takesScreenshot=true, javascriptEnabled=true, cssSelectorsEnabled=true}]
Session ID: 4f212293-c9c6-4a5c-90a8-3848cfb387bb
*** Element info: {Using=xpath, value=.//*[@id='Content']/div[1]/div[2]/div/div/div/ul/li[12]/div[1]/a);}
	at sun.reflect.NativeConstructorAccessorImpl.newInstance0(Native Method)
	at sun.reflect.NativeConstructorAccessorImpl.newInstance(NativeConstructorAccessorImpl.java:62)
	at sun.reflect.DelegatingConstructorAccessorImpl.newInstance(DelegatingConstructorAccessorImpl.java:45)
	at java.lang.reflect.Constructor.newInstance(Constructor.java:422)
	at org.openqa.selenium.remote.ErrorHandler.createThrowable(ErrorHandler.java:206)
	at org.openqa.selenium.remote.ErrorHandler.throwIfResponseFailed(ErrorHandler.java:158)
	at org.openqa.selenium.remote.RemoteWebDriver.execute(RemoteWebDriver.java:678)
	at org.openqa.selenium.remote.RemoteWebDriver.findElement(RemoteWebDriver.java:363)
	at org.openqa.selenium.remote.RemoteWebDriver.findElementByXPath(RemoteWebDriver.java:500)
	at org.openqa.selenium.By$ByXPath.findElement(By.java:361)
	at org.openqa.selenium.remote.RemoteWebDriver.findElement(RemoteWebDriver.java:355)
	at utils.WebElementsActions.clickElement(WebElementsActions.java:117)
	at utils.WebElementsActions.moveToElementAndClick(WebElementsActions.java:184)
	at pages.HomePage.switchToInspirationPage(HomePage.java:486)
	at tests.product_page.ProductPageTests.test12_inspirationPage(ProductPageTests.java:241)
Caused by: org.openqa.selenium.InvalidSelectorException: The given selector .//*[@id='Content']/div[1]/div[2]/div/div/div/ul/li[12]/div[1]/a); is either invalid or does not result in a WebElement. The following error occurred:
InvalidSelectorError: Unable to locate an element with the xpath expression .//*[@id='Content']/div[1]/div[2]/div/div/div/ul/li[12]/div[1]/a); because of the following error:
SyntaxError: The expression is not a legal expression.
For documentation on this error, please visit: http://seleniumhq.org/exceptions/invalid_selector_exception.html
Build info: version: '2.51.0', revision: '1af067dbcaedd7d2ab9af5151fc471d363d97193', time: '2016-02-05 11:20:57'
System info: host: 'alexace-pc', ip: '127.0.1.1', os.name: 'Linux', os.arch: 'amd64', os.version: '3.13.0-77-generic', java.version: '1.8.0_60'
Driver info: driver.version: unknown
	at <anonymous class>.FirefoxDriver.annotateInvalidSelectorError_(file:///tmp/anonymous5567819272227032340webdriver-profile/extensions/fxdriver@googlecode.com/components/driver-component.js:10697)
	at <anonymous class>.FirefoxDriver.prototype.findElementInternal_(file:///tmp/anonymous5567819272227032340webdriver-profile/extensions/fxdriver@googlecode.com/components/driver-component.js:10728)
	at <anonymous class>.FirefoxDriver.prototype.findElement(file:///tmp/anonymous5567819272227032340webdriver-profile/extensions/fxdriver@googlecode.com/components/driver-component.js:10732)
	at <anonymous class>.DelayedCommand.prototype.executeInternal_/h(file:///tmp/anonymous5567819272227032340webdriver-profile/extensions/fxdriver@googlecode.com/components/command-processor.js:12602)
	at <anonymous class>.DelayedCommand.prototype.executeInternal_(file:///tmp/anonymous5567819272227032340webdriver-profile/extensions/fxdriver@googlecode.com/components/command-processor.js:12607)
	at <anonymous class>.DelayedCommand.prototype.execute/<(file:///tmp/anonymous5567819272227032340webdriver-profile/extensions/fxdriver@googlecode.com/components/command-processor.js:12549)
]]></failure>
    <system-out><![CDATA[move to element < inspirationMenu >
]]></system-out>
  </testcase>
  <testcase name="test13_resorPage" classname="tests.product_page.ProductPageTests" time="12.933"/>
</testsuite>